{"/home/mnabil/dev/circle/be/src/app.ts": {"path":"/home/mnabil/dev/circle/be/src/app.ts","all":false,"statementMap":{"0":{"start":{"line":1,"column":0},"end":{"line":1,"column":30}},"1":{"start":{"line":2,"column":0},"end":{"line":2,"column":37}},"2":{"start":{"line":3,"column":0},"end":{"line":3,"column":41}},"3":{"start":{"line":4,"column":0},"end":{"line":4,"column":24}},"4":{"start":{"line":5,"column":0},"end":{"line":5,"column":39}},"5":{"start":{"line":6,"column":0},"end":{"line":6,"column":52}},"6":{"start":{"line":7,"column":0},"end":{"line":7,"column":54}},"7":{"start":{"line":8,"column":0},"end":{"line":8,"column":55}},"8":{"start":{"line":9,"column":0},"end":{"line":9,"column":64}},"9":{"start":{"line":10,"column":0},"end":{"line":10,"column":0}},"10":{"start":{"line":11,"column":0},"end":{"line":11,"column":57}},"11":{"start":{"line":12,"column":0},"end":{"line":12,"column":0}},"12":{"start":{"line":13,"column":0},"end":{"line":13,"column":29}},"13":{"start":{"line":14,"column":0},"end":{"line":14,"column":24}},"14":{"start":{"line":15,"column":0},"end":{"line":15,"column":0}},"15":{"start":{"line":16,"column":0},"end":{"line":16,"column":37}},"16":{"start":{"line":17,"column":0},"end":{"line":17,"column":0}},"17":{"start":{"line":18,"column":0},"end":{"line":18,"column":10}},"18":{"start":{"line":19,"column":0},"end":{"line":19,"column":14}},"19":{"start":{"line":20,"column":0},"end":{"line":20,"column":50}},"20":{"start":{"line":21,"column":0},"end":{"line":21,"column":4}},"21":{"start":{"line":22,"column":0},"end":{"line":22,"column":0}},"22":{"start":{"line":23,"column":0},"end":{"line":23,"column":26}},"23":{"start":{"line":24,"column":0},"end":{"line":24,"column":26}},"24":{"start":{"line":25,"column":0},"end":{"line":25,"column":29}},"25":{"start":{"line":26,"column":0},"end":{"line":26,"column":0}},"26":{"start":{"line":27,"column":0},"end":{"line":27,"column":54}},"27":{"start":{"line":28,"column":0},"end":{"line":28,"column":29}},"28":{"start":{"line":29,"column":0},"end":{"line":29,"column":0}},"29":{"start":{"line":30,"column":0},"end":{"line":30,"column":29}},"30":{"start":{"line":31,"column":0},"end":{"line":31,"column":0}},"31":{"start":{"line":32,"column":0},"end":{"line":32,"column":24}},"32":{"start":{"line":33,"column":0},"end":{"line":33,"column":0}},"33":{"start":{"line":34,"column":0},"end":{"line":34,"column":13}},"34":{"start":{"line":35,"column":0},"end":{"line":35,"column":1}}},"s":{"0":1,"1":1,"2":1,"3":1,"4":1,"5":1,"6":1,"7":1,"8":1,"9":1,"10":1,"11":1,"12":1,"13":2,"14":2,"15":2,"16":2,"17":2,"18":2,"19":2,"20":2,"21":2,"22":2,"23":2,"24":2,"25":2,"26":2,"27":2,"28":2,"29":2,"30":2,"31":2,"32":2,"33":2,"34":2},"branchMap":{"0":{"type":"branch","line":13,"loc":{"start":{"line":13,"column":6},"end":{"line":35,"column":1}},"locations":[{"start":{"line":13,"column":6},"end":{"line":35,"column":1}}]}},"b":{"0":[2]},"fnMap":{"0":{"name":"createApp","decl":{"start":{"line":13,"column":6},"end":{"line":35,"column":1}},"loc":{"start":{"line":13,"column":6},"end":{"line":35,"column":1}},"line":13}},"f":{"0":2}}
,"/home/mnabil/dev/circle/be/src/constants/events.ts": {"path":"/home/mnabil/dev/circle/be/src/constants/events.ts","all":false,"statementMap":{"0":{"start":{"line":1,"column":0},"end":{"line":1,"column":0}},"1":{"start":{"line":2,"column":0},"end":{"line":2,"column":53}},"2":{"start":{"line":3,"column":0},"end":{"line":3,"column":51}},"3":{"start":{"line":4,"column":0},"end":{"line":4,"column":63}},"4":{"start":{"line":5,"column":0},"end":{"line":5,"column":61}},"5":{"start":{"line":6,"column":0},"end":{"line":6,"column":53}}},"s":{"0":1,"1":1,"2":1,"3":1,"4":1,"5":1},"branchMap":{},"b":{},"fnMap":{},"f":{}}
,"/home/mnabil/dev/circle/be/src/constants/upload.ts": {"path":"/home/mnabil/dev/circle/be/src/constants/upload.ts","all":false,"statementMap":{"0":{"start":{"line":1,"column":0},"end":{"line":1,"column":44}},"1":{"start":{"line":2,"column":0},"end":{"line":2,"column":0}},"2":{"start":{"line":3,"column":0},"end":{"line":3,"column":84}}},"s":{"0":1,"1":1,"2":1},"branchMap":{},"b":{},"fnMap":{},"f":{}}
,"/home/mnabil/dev/circle/be/src/controllers/likes.ts": {"path":"/home/mnabil/dev/circle/be/src/controllers/likes.ts","all":false,"statementMap":{"0":{"start":{"line":1,"column":0},"end":{"line":1,"column":49}},"1":{"start":{"line":2,"column":0},"end":{"line":2,"column":48}},"2":{"start":{"line":3,"column":0},"end":{"line":3,"column":47}},"3":{"start":{"line":4,"column":0},"end":{"line":4,"column":57}},"4":{"start":{"line":5,"column":0},"end":{"line":5,"column":56}},"5":{"start":{"line":6,"column":0},"end":{"line":6,"column":61}},"6":{"start":{"line":7,"column":0},"end":{"line":7,"column":55}},"7":{"start":{"line":8,"column":0},"end":{"line":8,"column":85}},"8":{"start":{"line":9,"column":0},"end":{"line":9,"column":93}},"9":{"start":{"line":10,"column":0},"end":{"line":10,"column":153}},"10":{"start":{"line":11,"column":0},"end":{"line":11,"column":60}},"11":{"start":{"line":12,"column":0},"end":{"line":12,"column":0}},"12":{"start":{"line":13,"column":0},"end":{"line":13,"column":71}},"13":{"start":{"line":14,"column":0},"end":{"line":14,"column":38}},"14":{"start":{"line":15,"column":0},"end":{"line":15,"column":43}},"15":{"start":{"line":16,"column":0},"end":{"line":16,"column":39}},"16":{"start":{"line":17,"column":0},"end":{"line":17,"column":38}},"17":{"start":{"line":18,"column":0},"end":{"line":18,"column":0}},"18":{"start":{"line":19,"column":0},"end":{"line":19,"column":98}},"19":{"start":{"line":20,"column":0},"end":{"line":20,"column":0}},"20":{"start":{"line":21,"column":0},"end":{"line":21,"column":44}},"21":{"start":{"line":22,"column":0},"end":{"line":22,"column":40}},"22":{"start":{"line":23,"column":0},"end":{"line":23,"column":0}},"23":{"start":{"line":24,"column":0},"end":{"line":24,"column":73}},"24":{"start":{"line":25,"column":0},"end":{"line":25,"column":35}},"25":{"start":{"line":26,"column":0},"end":{"line":26,"column":0}},"26":{"start":{"line":27,"column":0},"end":{"line":27,"column":17}},"27":{"start":{"line":28,"column":0},"end":{"line":28,"column":66}},"28":{"start":{"line":29,"column":0},"end":{"line":29,"column":12}},"29":{"start":{"line":30,"column":0},"end":{"line":30,"column":66}},"30":{"start":{"line":31,"column":0},"end":{"line":31,"column":5}},"31":{"start":{"line":32,"column":0},"end":{"line":32,"column":0}},"32":{"start":{"line":33,"column":0},"end":{"line":33,"column":62}},"33":{"start":{"line":34,"column":0},"end":{"line":34,"column":0}},"34":{"start":{"line":35,"column":0},"end":{"line":35,"column":32}},"35":{"start":{"line":36,"column":0},"end":{"line":36,"column":77}},"36":{"start":{"line":37,"column":0},"end":{"line":37,"column":1}},"37":{"start":{"line":38,"column":0},"end":{"line":38,"column":0}},"38":{"start":{"line":39,"column":0},"end":{"line":39,"column":0}},"39":{"start":{"line":40,"column":0},"end":{"line":40,"column":70}},"40":{"start":{"line":41,"column":0},"end":{"line":41,"column":38}},"41":{"start":{"line":42,"column":0},"end":{"line":42,"column":43}},"42":{"start":{"line":43,"column":0},"end":{"line":43,"column":39}},"43":{"start":{"line":44,"column":0},"end":{"line":44,"column":37}},"44":{"start":{"line":45,"column":0},"end":{"line":45,"column":0}},"45":{"start":{"line":46,"column":0},"end":{"line":46,"column":98}},"46":{"start":{"line":47,"column":0},"end":{"line":47,"column":0}},"47":{"start":{"line":48,"column":0},"end":{"line":48,"column":44}},"48":{"start":{"line":49,"column":0},"end":{"line":49,"column":38}},"49":{"start":{"line":50,"column":0},"end":{"line":50,"column":0}},"50":{"start":{"line":51,"column":0},"end":{"line":51,"column":71}},"51":{"start":{"line":52,"column":0},"end":{"line":52,"column":40}},"52":{"start":{"line":53,"column":0},"end":{"line":53,"column":0}},"53":{"start":{"line":54,"column":0},"end":{"line":54,"column":17}},"54":{"start":{"line":55,"column":0},"end":{"line":55,"column":64}},"55":{"start":{"line":56,"column":0},"end":{"line":56,"column":12}},"56":{"start":{"line":57,"column":0},"end":{"line":57,"column":64}},"57":{"start":{"line":58,"column":0},"end":{"line":58,"column":5}},"58":{"start":{"line":59,"column":0},"end":{"line":59,"column":0}},"59":{"start":{"line":60,"column":0},"end":{"line":60,"column":61}},"60":{"start":{"line":61,"column":0},"end":{"line":61,"column":0}},"61":{"start":{"line":62,"column":0},"end":{"line":62,"column":32}},"62":{"start":{"line":63,"column":0},"end":{"line":63,"column":77}},"63":{"start":{"line":64,"column":0},"end":{"line":64,"column":1}}},"s":{"0":1,"1":1,"2":1,"3":1,"4":1,"5":1,"6":1,"7":1,"8":1,"9":1,"10":1,"11":1,"12":1,"13":0,"14":0,"15":0,"16":0,"17":0,"18":0,"19":0,"20":0,"21":0,"22":0,"23":0,"24":0,"25":0,"26":0,"27":0,"28":0,"29":0,"30":0,"31":0,"32":0,"33":0,"34":0,"35":0,"36":0,"37":1,"38":1,"39":1,"40":0,"41":0,"42":0,"43":0,"44":0,"45":0,"46":0,"47":0,"48":0,"49":0,"50":0,"51":0,"52":0,"53":0,"54":0,"55":0,"56":0,"57":0,"58":0,"59":0,"60":0,"61":0,"62":0,"63":0},"branchMap":{},"b":{},"fnMap":{"0":{"name":"postThreadLikes","decl":{"start":{"line":13,"column":31},"end":{"line":37,"column":1}},"loc":{"start":{"line":13,"column":31},"end":{"line":37,"column":1}},"line":13},"1":{"name":"postReplyLikes","decl":{"start":{"line":40,"column":30},"end":{"line":64,"column":1}},"loc":{"start":{"line":40,"column":30},"end":{"line":64,"column":1}},"line":40}},"f":{"0":0,"1":0}}
,"/home/mnabil/dev/circle/be/src/controllers/threads.ts": {"path":"/home/mnabil/dev/circle/be/src/controllers/threads.ts","all":false,"statementMap":{"0":{"start":{"line":1,"column":0},"end":{"line":1,"column":49}},"1":{"start":{"line":2,"column":0},"end":{"line":2,"column":48}},"2":{"start":{"line":3,"column":0},"end":{"line":3,"column":47}},"3":{"start":{"line":4,"column":0},"end":{"line":4,"column":100}},"4":{"start":{"line":5,"column":0},"end":{"line":5,"column":83}},"5":{"start":{"line":6,"column":0},"end":{"line":6,"column":53}},"6":{"start":{"line":7,"column":0},"end":{"line":7,"column":68}},"7":{"start":{"line":8,"column":0},"end":{"line":8,"column":55}},"8":{"start":{"line":9,"column":0},"end":{"line":9,"column":83}},"9":{"start":{"line":10,"column":0},"end":{"line":10,"column":81}},"10":{"start":{"line":11,"column":0},"end":{"line":11,"column":68}},"11":{"start":{"line":12,"column":0},"end":{"line":12,"column":52}},"12":{"start":{"line":13,"column":0},"end":{"line":13,"column":0}},"13":{"start":{"line":14,"column":0},"end":{"line":14,"column":67}},"14":{"start":{"line":15,"column":0},"end":{"line":15,"column":38}},"15":{"start":{"line":16,"column":0},"end":{"line":16,"column":33}},"16":{"start":{"line":17,"column":0},"end":{"line":17,"column":25}},"17":{"start":{"line":18,"column":0},"end":{"line":18,"column":0}},"18":{"start":{"line":19,"column":0},"end":{"line":19,"column":32}},"19":{"start":{"line":20,"column":0},"end":{"line":20,"column":16}},"20":{"start":{"line":21,"column":0},"end":{"line":21,"column":28}},"21":{"start":{"line":22,"column":0},"end":{"line":22,"column":37}},"22":{"start":{"line":23,"column":0},"end":{"line":23,"column":5}},"23":{"start":{"line":24,"column":0},"end":{"line":24,"column":0}},"24":{"start":{"line":25,"column":0},"end":{"line":25,"column":66}},"25":{"start":{"line":26,"column":0},"end":{"line":26,"column":53}},"26":{"start":{"line":27,"column":0},"end":{"line":27,"column":37}},"27":{"start":{"line":28,"column":0},"end":{"line":28,"column":0}},"28":{"start":{"line":29,"column":0},"end":{"line":29,"column":60}},"29":{"start":{"line":30,"column":0},"end":{"line":30,"column":0}},"30":{"start":{"line":31,"column":0},"end":{"line":31,"column":82}},"31":{"start":{"line":32,"column":0},"end":{"line":32,"column":1}},"32":{"start":{"line":33,"column":0},"end":{"line":33,"column":0}},"33":{"start":{"line":34,"column":0},"end":{"line":34,"column":0}},"34":{"start":{"line":35,"column":0},"end":{"line":35,"column":66}},"35":{"start":{"line":36,"column":0},"end":{"line":36,"column":38}},"36":{"start":{"line":37,"column":0},"end":{"line":37,"column":61}},"37":{"start":{"line":38,"column":0},"end":{"line":38,"column":0}},"38":{"start":{"line":39,"column":0},"end":{"line":39,"column":77}},"39":{"start":{"line":40,"column":0},"end":{"line":40,"column":0}},"40":{"start":{"line":41,"column":0},"end":{"line":41,"column":50}},"41":{"start":{"line":42,"column":0},"end":{"line":42,"column":32}},"42":{"start":{"line":43,"column":0},"end":{"line":43,"column":86}},"43":{"start":{"line":44,"column":0},"end":{"line":44,"column":1}},"44":{"start":{"line":45,"column":0},"end":{"line":45,"column":0}},"45":{"start":{"line":46,"column":0},"end":{"line":46,"column":70}},"46":{"start":{"line":47,"column":0},"end":{"line":47,"column":38}},"47":{"start":{"line":48,"column":0},"end":{"line":48,"column":30}},"48":{"start":{"line":49,"column":0},"end":{"line":49,"column":0}},"49":{"start":{"line":50,"column":0},"end":{"line":50,"column":80}},"50":{"start":{"line":51,"column":0},"end":{"line":51,"column":0}},"51":{"start":{"line":52,"column":0},"end":{"line":52,"column":48}},"52":{"start":{"line":53,"column":0},"end":{"line":53,"column":32}},"53":{"start":{"line":54,"column":0},"end":{"line":54,"column":85}},"54":{"start":{"line":55,"column":0},"end":{"line":55,"column":1}},"55":{"start":{"line":56,"column":0},"end":{"line":56,"column":0}},"56":{"start":{"line":57,"column":0},"end":{"line":57,"column":71}},"57":{"start":{"line":58,"column":0},"end":{"line":58,"column":38}},"58":{"start":{"line":59,"column":0},"end":{"line":59,"column":33}},"59":{"start":{"line":60,"column":0},"end":{"line":60,"column":30}},"60":{"start":{"line":61,"column":0},"end":{"line":61,"column":25}},"61":{"start":{"line":62,"column":0},"end":{"line":62,"column":0}},"62":{"start":{"line":63,"column":0},"end":{"line":63,"column":57}},"63":{"start":{"line":64,"column":0},"end":{"line":64,"column":16}},"64":{"start":{"line":65,"column":0},"end":{"line":65,"column":29}},"65":{"start":{"line":66,"column":0},"end":{"line":66,"column":28}},"66":{"start":{"line":67,"column":0},"end":{"line":67,"column":37}},"67":{"start":{"line":68,"column":0},"end":{"line":68,"column":7}},"68":{"start":{"line":69,"column":0},"end":{"line":69,"column":0}},"69":{"start":{"line":70,"column":0},"end":{"line":70,"column":57}},"70":{"start":{"line":71,"column":0},"end":{"line":71,"column":37}},"71":{"start":{"line":72,"column":0},"end":{"line":72,"column":0}},"72":{"start":{"line":73,"column":0},"end":{"line":73,"column":82}},"73":{"start":{"line":74,"column":0},"end":{"line":74,"column":0}},"74":{"start":{"line":75,"column":0},"end":{"line":75,"column":104}},"75":{"start":{"line":76,"column":0},"end":{"line":76,"column":1}},"76":{"start":{"line":77,"column":0},"end":{"line":77,"column":0}},"77":{"start":{"line":78,"column":0},"end":{"line":78,"column":0}},"78":{"start":{"line":79,"column":0},"end":{"line":79,"column":66}},"79":{"start":{"line":80,"column":0},"end":{"line":80,"column":38}},"80":{"start":{"line":81,"column":0},"end":{"line":81,"column":43}},"81":{"start":{"line":82,"column":0},"end":{"line":82,"column":61}},"82":{"start":{"line":83,"column":0},"end":{"line":83,"column":0}},"83":{"start":{"line":84,"column":0},"end":{"line":84,"column":89}},"84":{"start":{"line":85,"column":0},"end":{"line":85,"column":0}},"85":{"start":{"line":86,"column":0},"end":{"line":86,"column":49}},"86":{"start":{"line":87,"column":0},"end":{"line":87,"column":32}},"87":{"start":{"line":88,"column":0},"end":{"line":88,"column":87}},"88":{"start":{"line":89,"column":0},"end":{"line":89,"column":1}}},"s":{"0":1,"1":1,"2":1,"3":1,"4":1,"5":1,"6":1,"7":1,"8":1,"9":1,"10":1,"11":1,"12":1,"13":1,"14":0,"15":0,"16":0,"17":0,"18":0,"19":0,"20":0,"21":0,"22":0,"23":0,"24":0,"25":0,"26":0,"27":0,"28":0,"29":0,"30":0,"31":0,"32":1,"33":1,"34":1,"35":0,"36":0,"37":0,"38":0,"39":0,"40":0,"41":0,"42":0,"43":0,"44":1,"45":1,"46":0,"47":0,"48":0,"49":0,"50":0,"51":0,"52":0,"53":0,"54":0,"55":1,"56":1,"57":0,"58":0,"59":0,"60":0,"61":0,"62":0,"63":0,"64":0,"65":0,"66":0,"67":0,"68":0,"69":0,"70":0,"71":0,"72":0,"73":0,"74":0,"75":0,"76":1,"77":1,"78":1,"79":0,"80":0,"81":0,"82":0,"83":0,"84":0,"85":0,"86":0,"87":0,"88":0},"branchMap":{},"b":{},"fnMap":{"0":{"name":"postThreads","decl":{"start":{"line":14,"column":27},"end":{"line":32,"column":1}},"loc":{"start":{"line":14,"column":27},"end":{"line":32,"column":1}},"line":14},"1":{"name":"getThreads","decl":{"start":{"line":35,"column":26},"end":{"line":44,"column":1}},"loc":{"start":{"line":35,"column":26},"end":{"line":44,"column":1}},"line":35},"2":{"name":"getThreadsById","decl":{"start":{"line":46,"column":30},"end":{"line":55,"column":1}},"loc":{"start":{"line":46,"column":30},"end":{"line":55,"column":1}},"line":46},"3":{"name":"postReplyThread","decl":{"start":{"line":57,"column":31},"end":{"line":76,"column":1}},"loc":{"start":{"line":57,"column":31},"end":{"line":76,"column":1}},"line":57},"4":{"name":"getReplies","decl":{"start":{"line":79,"column":26},"end":{"line":89,"column":1}},"loc":{"start":{"line":79,"column":26},"end":{"line":89,"column":1}},"line":79}},"f":{"0":0,"1":0,"2":0,"3":0,"4":0}}
,"/home/mnabil/dev/circle/be/src/controllers/users.ts": {"path":"/home/mnabil/dev/circle/be/src/controllers/users.ts","all":false,"statementMap":{"0":{"start":{"line":1,"column":0},"end":{"line":1,"column":49}},"1":{"start":{"line":2,"column":0},"end":{"line":2,"column":63}},"2":{"start":{"line":3,"column":0},"end":{"line":3,"column":298}},"3":{"start":{"line":4,"column":0},"end":{"line":4,"column":44}},"4":{"start":{"line":5,"column":0},"end":{"line":5,"column":48}},"5":{"start":{"line":6,"column":0},"end":{"line":6,"column":47}},"6":{"start":{"line":7,"column":0},"end":{"line":7,"column":51}},"7":{"start":{"line":8,"column":0},"end":{"line":8,"column":288}},"8":{"start":{"line":9,"column":0},"end":{"line":9,"column":49}},"9":{"start":{"line":10,"column":0},"end":{"line":10,"column":62}},"10":{"start":{"line":11,"column":0},"end":{"line":11,"column":55}},"11":{"start":{"line":12,"column":0},"end":{"line":12,"column":62}},"12":{"start":{"line":13,"column":0},"end":{"line":13,"column":0}},"13":{"start":{"line":14,"column":0},"end":{"line":14,"column":65}},"14":{"start":{"line":15,"column":0},"end":{"line":15,"column":0}},"15":{"start":{"line":16,"column":0},"end":{"line":16,"column":61}},"16":{"start":{"line":17,"column":0},"end":{"line":17,"column":52}},"17":{"start":{"line":18,"column":0},"end":{"line":18,"column":44}},"18":{"start":{"line":19,"column":0},"end":{"line":19,"column":22}},"19":{"start":{"line":20,"column":0},"end":{"line":20,"column":29}},"20":{"start":{"line":21,"column":0},"end":{"line":21,"column":26}},"21":{"start":{"line":22,"column":0},"end":{"line":22,"column":23}},"22":{"start":{"line":23,"column":0},"end":{"line":23,"column":6}},"23":{"start":{"line":24,"column":0},"end":{"line":24,"column":0}},"24":{"start":{"line":25,"column":0},"end":{"line":25,"column":37}},"25":{"start":{"line":26,"column":0},"end":{"line":26,"column":97}},"26":{"start":{"line":27,"column":0},"end":{"line":27,"column":1}},"27":{"start":{"line":28,"column":0},"end":{"line":28,"column":0}},"28":{"start":{"line":29,"column":0},"end":{"line":29,"column":0}},"29":{"start":{"line":30,"column":0},"end":{"line":30,"column":65}},"30":{"start":{"line":31,"column":0},"end":{"line":31,"column":0}},"31":{"start":{"line":32,"column":0},"end":{"line":32,"column":46}},"32":{"start":{"line":33,"column":0},"end":{"line":33,"column":0}},"33":{"start":{"line":34,"column":0},"end":{"line":34,"column":60}},"34":{"start":{"line":35,"column":0},"end":{"line":35,"column":44}},"35":{"start":{"line":36,"column":0},"end":{"line":36,"column":58}},"36":{"start":{"line":37,"column":0},"end":{"line":37,"column":5}},"37":{"start":{"line":38,"column":0},"end":{"line":38,"column":0}},"38":{"start":{"line":39,"column":0},"end":{"line":39,"column":75}},"39":{"start":{"line":40,"column":0},"end":{"line":40,"column":47}},"40":{"start":{"line":41,"column":0},"end":{"line":41,"column":87}},"41":{"start":{"line":42,"column":0},"end":{"line":42,"column":0}},"42":{"start":{"line":43,"column":0},"end":{"line":43,"column":41}},"43":{"start":{"line":44,"column":0},"end":{"line":44,"column":22}},"44":{"start":{"line":45,"column":0},"end":{"line":45,"column":23}},"45":{"start":{"line":46,"column":0},"end":{"line":46,"column":26}},"46":{"start":{"line":47,"column":0},"end":{"line":47,"column":29}},"47":{"start":{"line":48,"column":0},"end":{"line":48,"column":27}},"48":{"start":{"line":49,"column":0},"end":{"line":49,"column":90}},"49":{"start":{"line":50,"column":0},"end":{"line":50,"column":6}},"50":{"start":{"line":51,"column":0},"end":{"line":51,"column":0}},"51":{"start":{"line":52,"column":0},"end":{"line":52,"column":32}},"52":{"start":{"line":53,"column":0},"end":{"line":53,"column":0}},"53":{"start":{"line":54,"column":0},"end":{"line":54,"column":71}},"54":{"start":{"line":55,"column":0},"end":{"line":55,"column":1}},"55":{"start":{"line":56,"column":0},"end":{"line":56,"column":0}},"56":{"start":{"line":57,"column":0},"end":{"line":57,"column":0}},"57":{"start":{"line":58,"column":0},"end":{"line":58,"column":0}},"58":{"start":{"line":59,"column":0},"end":{"line":59,"column":71}},"59":{"start":{"line":60,"column":0},"end":{"line":60,"column":38}},"60":{"start":{"line":61,"column":0},"end":{"line":61,"column":31}},"61":{"start":{"line":62,"column":0},"end":{"line":62,"column":0}},"62":{"start":{"line":63,"column":0},"end":{"line":63,"column":43}},"63":{"start":{"line":64,"column":0},"end":{"line":64,"column":0}},"64":{"start":{"line":65,"column":0},"end":{"line":65,"column":45}},"65":{"start":{"line":66,"column":0},"end":{"line":66,"column":27}},"66":{"start":{"line":67,"column":0},"end":{"line":67,"column":0}},"67":{"start":{"line":68,"column":0},"end":{"line":68,"column":33}},"68":{"start":{"line":69,"column":0},"end":{"line":69,"column":15}},"69":{"start":{"line":70,"column":0},"end":{"line":70,"column":13}},"70":{"start":{"line":71,"column":0},"end":{"line":71,"column":17}},"71":{"start":{"line":72,"column":0},"end":{"line":72,"column":25}},"72":{"start":{"line":73,"column":0},"end":{"line":73,"column":53}},"73":{"start":{"line":74,"column":0},"end":{"line":74,"column":6}},"74":{"start":{"line":75,"column":0},"end":{"line":75,"column":0}},"75":{"start":{"line":76,"column":0},"end":{"line":76,"column":46}},"76":{"start":{"line":77,"column":0},"end":{"line":77,"column":54}},"77":{"start":{"line":78,"column":0},"end":{"line":78,"column":0}},"78":{"start":{"line":79,"column":0},"end":{"line":79,"column":32}},"79":{"start":{"line":80,"column":0},"end":{"line":80,"column":79}},"80":{"start":{"line":81,"column":0},"end":{"line":81,"column":1}},"81":{"start":{"line":82,"column":0},"end":{"line":82,"column":0}},"82":{"start":{"line":83,"column":0},"end":{"line":83,"column":0}},"83":{"start":{"line":84,"column":0},"end":{"line":84,"column":71}},"84":{"start":{"line":85,"column":0},"end":{"line":85,"column":0}},"85":{"start":{"line":86,"column":0},"end":{"line":86,"column":38}},"86":{"start":{"line":87,"column":0},"end":{"line":87,"column":31}},"87":{"start":{"line":88,"column":0},"end":{"line":88,"column":0}},"88":{"start":{"line":89,"column":0},"end":{"line":89,"column":45}},"89":{"start":{"line":90,"column":0},"end":{"line":90,"column":54}},"90":{"start":{"line":91,"column":0},"end":{"line":91,"column":0}},"91":{"start":{"line":92,"column":0},"end":{"line":92,"column":32}},"92":{"start":{"line":93,"column":0},"end":{"line":93,"column":82}},"93":{"start":{"line":94,"column":0},"end":{"line":94,"column":1}},"94":{"start":{"line":95,"column":0},"end":{"line":95,"column":0}},"95":{"start":{"line":96,"column":0},"end":{"line":96,"column":0}},"96":{"start":{"line":97,"column":0},"end":{"line":97,"column":81}},"97":{"start":{"line":98,"column":0},"end":{"line":98,"column":0}},"98":{"start":{"line":99,"column":0},"end":{"line":99,"column":38}},"99":{"start":{"line":100,"column":0},"end":{"line":100,"column":36}},"100":{"start":{"line":101,"column":0},"end":{"line":101,"column":31}},"101":{"start":{"line":102,"column":0},"end":{"line":102,"column":0}},"102":{"start":{"line":103,"column":0},"end":{"line":103,"column":75}},"103":{"start":{"line":104,"column":0},"end":{"line":104,"column":54}},"104":{"start":{"line":105,"column":0},"end":{"line":105,"column":0}},"105":{"start":{"line":106,"column":0},"end":{"line":106,"column":32}},"106":{"start":{"line":107,"column":0},"end":{"line":107,"column":82}},"107":{"start":{"line":108,"column":0},"end":{"line":108,"column":1}},"108":{"start":{"line":109,"column":0},"end":{"line":109,"column":0}},"109":{"start":{"line":110,"column":0},"end":{"line":110,"column":0}},"110":{"start":{"line":111,"column":0},"end":{"line":111,"column":71}},"111":{"start":{"line":112,"column":0},"end":{"line":112,"column":38}},"112":{"start":{"line":113,"column":0},"end":{"line":113,"column":31}},"113":{"start":{"line":114,"column":0},"end":{"line":114,"column":0}},"114":{"start":{"line":115,"column":0},"end":{"line":115,"column":36}},"115":{"start":{"line":116,"column":0},"end":{"line":116,"column":76}},"116":{"start":{"line":117,"column":0},"end":{"line":117,"column":0}},"117":{"start":{"line":118,"column":0},"end":{"line":118,"column":37}},"118":{"start":{"line":119,"column":0},"end":{"line":119,"column":56}},"119":{"start":{"line":120,"column":0},"end":{"line":120,"column":66}},"120":{"start":{"line":121,"column":0},"end":{"line":121,"column":117}},"121":{"start":{"line":122,"column":0},"end":{"line":122,"column":5}},"122":{"start":{"line":123,"column":0},"end":{"line":123,"column":0}},"123":{"start":{"line":124,"column":0},"end":{"line":124,"column":16}},"124":{"start":{"line":125,"column":0},"end":{"line":125,"column":52}},"125":{"start":{"line":126,"column":0},"end":{"line":126,"column":61}},"126":{"start":{"line":127,"column":0},"end":{"line":127,"column":113}},"127":{"start":{"line":128,"column":0},"end":{"line":128,"column":1}},"128":{"start":{"line":129,"column":0},"end":{"line":129,"column":0}},"129":{"start":{"line":130,"column":0},"end":{"line":130,"column":0}},"130":{"start":{"line":131,"column":0},"end":{"line":131,"column":71}},"131":{"start":{"line":132,"column":0},"end":{"line":132,"column":38}},"132":{"start":{"line":133,"column":0},"end":{"line":133,"column":31}},"133":{"start":{"line":134,"column":0},"end":{"line":134,"column":0}},"134":{"start":{"line":135,"column":0},"end":{"line":135,"column":36}},"135":{"start":{"line":136,"column":0},"end":{"line":136,"column":0}},"136":{"start":{"line":137,"column":0},"end":{"line":137,"column":38}},"137":{"start":{"line":138,"column":0},"end":{"line":138,"column":45}},"138":{"start":{"line":139,"column":0},"end":{"line":139,"column":0}},"139":{"start":{"line":140,"column":0},"end":{"line":140,"column":62}},"140":{"start":{"line":141,"column":0},"end":{"line":141,"column":0}},"141":{"start":{"line":142,"column":0},"end":{"line":142,"column":38}},"142":{"start":{"line":143,"column":0},"end":{"line":143,"column":37}},"143":{"start":{"line":144,"column":0},"end":{"line":144,"column":0}},"144":{"start":{"line":145,"column":0},"end":{"line":145,"column":17}},"145":{"start":{"line":146,"column":0},"end":{"line":146,"column":26}},"146":{"start":{"line":147,"column":0},"end":{"line":147,"column":56}},"147":{"start":{"line":148,"column":0},"end":{"line":148,"column":56}},"148":{"start":{"line":149,"column":0},"end":{"line":149,"column":12}},"149":{"start":{"line":150,"column":0},"end":{"line":150,"column":24}},"150":{"start":{"line":151,"column":0},"end":{"line":151,"column":54}},"151":{"start":{"line":152,"column":0},"end":{"line":152,"column":50}},"152":{"start":{"line":153,"column":0},"end":{"line":153,"column":5}},"153":{"start":{"line":154,"column":0},"end":{"line":154,"column":0}},"154":{"start":{"line":155,"column":0},"end":{"line":155,"column":55}},"155":{"start":{"line":156,"column":0},"end":{"line":156,"column":13}},"156":{"start":{"line":157,"column":0},"end":{"line":157,"column":15}},"157":{"start":{"line":158,"column":0},"end":{"line":158,"column":5}},"158":{"start":{"line":159,"column":0},"end":{"line":159,"column":64}},"159":{"start":{"line":160,"column":0},"end":{"line":160,"column":0}},"160":{"start":{"line":161,"column":0},"end":{"line":161,"column":0}},"161":{"start":{"line":162,"column":0},"end":{"line":162,"column":37}},"162":{"start":{"line":163,"column":0},"end":{"line":163,"column":79}},"163":{"start":{"line":164,"column":0},"end":{"line":164,"column":1}},"164":{"start":{"line":165,"column":0},"end":{"line":165,"column":0}},"165":{"start":{"line":166,"column":0},"end":{"line":166,"column":75}},"166":{"start":{"line":167,"column":0},"end":{"line":167,"column":38}},"167":{"start":{"line":168,"column":0},"end":{"line":168,"column":31}},"168":{"start":{"line":169,"column":0},"end":{"line":169,"column":0}},"169":{"start":{"line":170,"column":0},"end":{"line":170,"column":36}},"170":{"start":{"line":171,"column":0},"end":{"line":171,"column":0}},"171":{"start":{"line":172,"column":0},"end":{"line":172,"column":54}},"172":{"start":{"line":173,"column":0},"end":{"line":173,"column":65}},"173":{"start":{"line":174,"column":0},"end":{"line":174,"column":0}},"174":{"start":{"line":175,"column":0},"end":{"line":175,"column":37}},"175":{"start":{"line":176,"column":0},"end":{"line":176,"column":84}},"176":{"start":{"line":177,"column":0},"end":{"line":177,"column":1}},"177":{"start":{"line":178,"column":0},"end":{"line":178,"column":0}},"178":{"start":{"line":179,"column":0},"end":{"line":179,"column":0}},"179":{"start":{"line":180,"column":0},"end":{"line":180,"column":76}},"180":{"start":{"line":181,"column":0},"end":{"line":181,"column":38}},"181":{"start":{"line":182,"column":0},"end":{"line":182,"column":36}},"182":{"start":{"line":183,"column":0},"end":{"line":183,"column":31}},"183":{"start":{"line":184,"column":0},"end":{"line":184,"column":0}},"184":{"start":{"line":185,"column":0},"end":{"line":185,"column":36}},"185":{"start":{"line":186,"column":0},"end":{"line":186,"column":0}},"186":{"start":{"line":187,"column":0},"end":{"line":187,"column":70}},"187":{"start":{"line":188,"column":0},"end":{"line":188,"column":60}},"188":{"start":{"line":189,"column":0},"end":{"line":189,"column":0}},"189":{"start":{"line":190,"column":0},"end":{"line":190,"column":37}},"190":{"start":{"line":191,"column":0},"end":{"line":191,"column":102}},"191":{"start":{"line":192,"column":0},"end":{"line":192,"column":1}},"192":{"start":{"line":193,"column":0},"end":{"line":193,"column":0}},"193":{"start":{"line":194,"column":0},"end":{"line":194,"column":0}},"194":{"start":{"line":195,"column":0},"end":{"line":195,"column":70}},"195":{"start":{"line":196,"column":0},"end":{"line":196,"column":38}},"196":{"start":{"line":197,"column":0},"end":{"line":197,"column":31}},"197":{"start":{"line":198,"column":0},"end":{"line":198,"column":54}},"198":{"start":{"line":199,"column":0},"end":{"line":199,"column":0}},"199":{"start":{"line":200,"column":0},"end":{"line":200,"column":41}},"200":{"start":{"line":201,"column":0},"end":{"line":201,"column":39}},"201":{"start":{"line":202,"column":0},"end":{"line":202,"column":38}},"202":{"start":{"line":203,"column":0},"end":{"line":203,"column":0}},"203":{"start":{"line":204,"column":0},"end":{"line":204,"column":13}},"204":{"start":{"line":205,"column":0},"end":{"line":205,"column":55}},"205":{"start":{"line":206,"column":0},"end":{"line":206,"column":51}},"206":{"start":{"line":207,"column":0},"end":{"line":207,"column":5}},"207":{"start":{"line":208,"column":0},"end":{"line":208,"column":0}},"208":{"start":{"line":209,"column":0},"end":{"line":209,"column":32}},"209":{"start":{"line":210,"column":0},"end":{"line":210,"column":77}},"210":{"start":{"line":211,"column":0},"end":{"line":211,"column":1}}},"s":{"0":1,"1":1,"2":1,"3":1,"4":1,"5":1,"6":1,"7":1,"8":1,"9":1,"10":1,"11":1,"12":1,"13":1,"14":2,"15":2,"16":2,"17":1,"18":1,"19":1,"20":1,"21":1,"22":1,"23":1,"24":1,"25":1,"26":1,"27":1,"28":1,"29":1,"30":0,"31":0,"32":0,"33":0,"34":0,"35":0,"36":0,"37":0,"38":0,"39":0,"40":0,"41":0,"42":0,"43":0,"44":0,"45":0,"46":0,"47":0,"48":0,"49":0,"50":0,"51":0,"52":0,"53":0,"54":0,"55":1,"56":1,"57":1,"58":1,"59":0,"60":0,"61":0,"62":0,"63":0,"64":0,"65":0,"66":0,"67":0,"68":0,"69":0,"70":0,"71":0,"72":0,"73":0,"74":0,"75":0,"76":0,"77":0,"78":0,"79":0,"80":0,"81":1,"82":1,"83":1,"84":0,"85":0,"86":0,"87":0,"88":0,"89":0,"90":0,"91":0,"92":0,"93":0,"94":1,"95":1,"96":1,"97":0,"98":0,"99":0,"100":0,"101":0,"102":0,"103":0,"104":0,"105":0,"106":0,"107":0,"108":1,"109":1,"110":1,"111":0,"112":0,"113":0,"114":0,"115":0,"116":0,"117":0,"118":0,"119":0,"120":0,"121":0,"122":0,"123":0,"124":0,"125":0,"126":0,"127":0,"128":1,"129":1,"130":1,"131":0,"132":0,"133":0,"134":0,"135":0,"136":0,"137":0,"138":0,"139":0,"140":0,"141":0,"142":0,"143":0,"144":0,"145":0,"146":0,"147":0,"148":0,"149":0,"150":0,"151":0,"152":0,"153":0,"154":0,"155":0,"156":0,"157":0,"158":0,"159":0,"160":0,"161":0,"162":0,"163":0,"164":1,"165":1,"166":0,"167":0,"168":0,"169":0,"170":0,"171":0,"172":0,"173":0,"174":0,"175":0,"176":0,"177":1,"178":1,"179":1,"180":0,"181":0,"182":0,"183":0,"184":0,"185":0,"186":0,"187":0,"188":0,"189":0,"190":0,"191":0,"192":1,"193":1,"194":1,"195":0,"196":0,"197":0,"198":0,"199":0,"200":0,"201":0,"202":0,"203":0,"204":0,"205":0,"206":0,"207":0,"208":0,"209":0,"210":0},"branchMap":{"0":{"type":"branch","line":14,"loc":{"start":{"line":14,"column":25},"end":{"line":27,"column":1}},"locations":[{"start":{"line":14,"column":25},"end":{"line":27,"column":1}}]},"1":{"type":"branch","line":18,"loc":{"start":{"line":18,"column":-1},"end":{"line":27,"column":1}},"locations":[{"start":{"line":18,"column":-1},"end":{"line":27,"column":1}}]}},"b":{"0":[2],"1":[1]},"fnMap":{"0":{"name":"postUsers","decl":{"start":{"line":14,"column":25},"end":{"line":27,"column":1}},"loc":{"start":{"line":14,"column":25},"end":{"line":27,"column":1}},"line":14},"1":{"name":"postLogin","decl":{"start":{"line":30,"column":25},"end":{"line":55,"column":1}},"loc":{"start":{"line":30,"column":25},"end":{"line":55,"column":1}},"line":30},"2":{"name":"putUsersProfile","decl":{"start":{"line":59,"column":31},"end":{"line":81,"column":1}},"loc":{"start":{"line":59,"column":31},"end":{"line":81,"column":1}},"line":59},"3":{"name":"getUsersProfile","decl":{"start":{"line":84,"column":31},"end":{"line":94,"column":1}},"loc":{"start":{"line":84,"column":31},"end":{"line":94,"column":1}},"line":84},"4":{"name":"getUsersProfileByUsername","decl":{"start":{"line":97,"column":41},"end":{"line":108,"column":1}},"loc":{"start":{"line":97,"column":41},"end":{"line":108,"column":1}},"line":97},"5":{"name":"getUsersFollows","decl":{"start":{"line":111,"column":31},"end":{"line":128,"column":1}},"loc":{"start":{"line":111,"column":31},"end":{"line":128,"column":1}},"line":111},"6":{"name":"postUsersFollow","decl":{"start":{"line":131,"column":31},"end":{"line":164,"column":1}},"loc":{"start":{"line":131,"column":31},"end":{"line":164,"column":1}},"line":131},"7":{"name":"getUsersSuggestions","decl":{"start":{"line":166,"column":35},"end":{"line":177,"column":1}},"loc":{"start":{"line":166,"column":35},"end":{"line":177,"column":1}},"line":166},"8":{"name":"getUsersActiveFollow","decl":{"start":{"line":180,"column":36},"end":{"line":192,"column":1}},"loc":{"start":{"line":180,"column":36},"end":{"line":192,"column":1}},"line":180},"9":{"name":"getSearchUsers","decl":{"start":{"line":195,"column":30},"end":{"line":211,"column":1}},"loc":{"start":{"line":195,"column":30},"end":{"line":211,"column":1}},"line":195}},"f":{"0":2,"1":0,"2":0,"3":0,"4":0,"5":0,"6":0,"7":0,"8":0,"9":0}}
,"/home/mnabil/dev/circle/be/src/generated/prisma/client.ts": {"path":"/home/mnabil/dev/circle/be/src/generated/prisma/client.ts","all":false,"statementMap":{"0":{"start":{"line":1,"column":0},"end":{"line":1,"column":0}},"1":{"start":{"line":2,"column":0},"end":{"line":2,"column":69}},"2":{"start":{"line":3,"column":0},"end":{"line":3,"column":20}},"3":{"start":{"line":4,"column":0},"end":{"line":4,"column":40}},"4":{"start":{"line":5,"column":0},"end":{"line":5,"column":15}},"5":{"start":{"line":6,"column":0},"end":{"line":6,"column":2}},"6":{"start":{"line":7,"column":0},"end":{"line":7,"column":123}},"7":{"start":{"line":8,"column":0},"end":{"line":8,"column":136}},"8":{"start":{"line":9,"column":0},"end":{"line":9,"column":2}},"9":{"start":{"line":10,"column":0},"end":{"line":10,"column":40}},"10":{"start":{"line":11,"column":0},"end":{"line":11,"column":3}},"11":{"start":{"line":12,"column":0},"end":{"line":12,"column":0}},"12":{"start":{"line":13,"column":0},"end":{"line":13,"column":39}},"13":{"start":{"line":14,"column":0},"end":{"line":14,"column":33}},"14":{"start":{"line":15,"column":0},"end":{"line":15,"column":40}},"15":{"start":{"line":16,"column":0},"end":{"line":16,"column":70}},"16":{"start":{"line":17,"column":0},"end":{"line":17,"column":0}},"17":{"start":{"line":18,"column":0},"end":{"line":18,"column":56}},"18":{"start":{"line":19,"column":0},"end":{"line":19,"column":36}},"19":{"start":{"line":20,"column":0},"end":{"line":20,"column":45}},"20":{"start":{"line":21,"column":0},"end":{"line":21,"column":55}},"21":{"start":{"line":22,"column":0},"end":{"line":22,"column":0}},"22":{"start":{"line":23,"column":0},"end":{"line":23,"column":36}},"23":{"start":{"line":24,"column":0},"end":{"line":24,"column":26}},"24":{"start":{"line":25,"column":0},"end":{"line":25,"column":3}},"25":{"start":{"line":26,"column":0},"end":{"line":26,"column":19}},"26":{"start":{"line":27,"column":0},"end":{"line":27,"column":3}},"27":{"start":{"line":28,"column":0},"end":{"line":28,"column":43}},"28":{"start":{"line":29,"column":0},"end":{"line":29,"column":11}},"29":{"start":{"line":30,"column":0},"end":{"line":30,"column":6}},"30":{"start":{"line":31,"column":0},"end":{"line":31,"column":36}},"31":{"start":{"line":32,"column":0},"end":{"line":32,"column":35}},"32":{"start":{"line":33,"column":0},"end":{"line":33,"column":55}},"33":{"start":{"line":34,"column":0},"end":{"line":34,"column":6}},"34":{"start":{"line":35,"column":0},"end":{"line":35,"column":3}},"35":{"start":{"line":36,"column":0},"end":{"line":36,"column":53}},"36":{"start":{"line":37,"column":0},"end":{"line":37,"column":3}},"37":{"start":{"line":38,"column":0},"end":{"line":38,"column":57}},"38":{"start":{"line":39,"column":0},"end":{"line":39,"column":299}},"39":{"start":{"line":40,"column":0},"end":{"line":40,"column":17}},"40":{"start":{"line":41,"column":0},"end":{"line":41,"column":0}},"41":{"start":{"line":42,"column":0},"end":{"line":42,"column":3}},"42":{"start":{"line":43,"column":0},"end":{"line":43,"column":18}},"43":{"start":{"line":44,"column":0},"end":{"line":44,"column":3}},"44":{"start":{"line":45,"column":0},"end":{"line":45,"column":3}},"45":{"start":{"line":46,"column":0},"end":{"line":46,"column":45}},"46":{"start":{"line":47,"column":0},"end":{"line":47,"column":3}},"47":{"start":{"line":48,"column":0},"end":{"line":48,"column":13}},"48":{"start":{"line":49,"column":0},"end":{"line":49,"column":3}},"49":{"start":{"line":50,"column":0},"end":{"line":50,"column":3}},"50":{"start":{"line":51,"column":0},"end":{"line":51,"column":35}},"51":{"start":{"line":52,"column":0},"end":{"line":52,"column":3}},"52":{"start":{"line":53,"column":0},"end":{"line":53,"column":14}},"53":{"start":{"line":54,"column":0},"end":{"line":54,"column":3}},"54":{"start":{"line":55,"column":0},"end":{"line":55,"column":3}},"55":{"start":{"line":56,"column":0},"end":{"line":56,"column":37}},"56":{"start":{"line":57,"column":0},"end":{"line":57,"column":3}},"57":{"start":{"line":58,"column":0},"end":{"line":58,"column":15}},"58":{"start":{"line":59,"column":0},"end":{"line":59,"column":3}},"59":{"start":{"line":60,"column":0},"end":{"line":60,"column":3}},"60":{"start":{"line":61,"column":0},"end":{"line":61,"column":39}},"61":{"start":{"line":62,"column":0},"end":{"line":62,"column":3}},"62":{"start":{"line":63,"column":0},"end":{"line":63,"column":13}},"63":{"start":{"line":64,"column":0},"end":{"line":64,"column":3}},"64":{"start":{"line":65,"column":0},"end":{"line":65,"column":3}},"65":{"start":{"line":66,"column":0},"end":{"line":66,"column":35}}},"s":{"0":1,"1":1,"2":1,"3":1,"4":1,"5":1,"6":1,"7":1,"8":1,"9":1,"10":1,"11":1,"12":1,"13":1,"14":1,"15":1,"16":1,"17":1,"18":1,"19":1,"20":1,"21":1,"22":1,"23":1,"24":1,"25":1,"26":1,"27":1,"28":1,"29":1,"30":1,"31":1,"32":1,"33":1,"34":1,"35":1,"36":1,"37":1,"38":1,"39":1,"40":1,"41":1,"42":1,"43":1,"44":1,"45":1,"46":1,"47":1,"48":1,"49":1,"50":1,"51":1,"52":1,"53":1,"54":1,"55":1,"56":1,"57":1,"58":1,"59":1,"60":1,"61":1,"62":1,"63":1,"64":1,"65":1},"branchMap":{},"b":{},"fnMap":{},"f":{}}
,"/home/mnabil/dev/circle/be/src/generated/prisma/enums.ts": {"path":"/home/mnabil/dev/circle/be/src/generated/prisma/enums.ts","all":false,"statementMap":{"0":{"start":{"line":1,"column":0},"end":{"line":1,"column":0}},"1":{"start":{"line":2,"column":0},"end":{"line":2,"column":69}},"2":{"start":{"line":3,"column":0},"end":{"line":3,"column":20}},"3":{"start":{"line":4,"column":0},"end":{"line":4,"column":40}},"4":{"start":{"line":5,"column":0},"end":{"line":5,"column":15}},"5":{"start":{"line":6,"column":0},"end":{"line":6,"column":2}},"6":{"start":{"line":7,"column":0},"end":{"line":7,"column":59}},"7":{"start":{"line":8,"column":0},"end":{"line":8,"column":1}},"8":{"start":{"line":9,"column":0},"end":{"line":9,"column":39}},"9":{"start":{"line":10,"column":0},"end":{"line":10,"column":2}},"10":{"start":{"line":11,"column":0},"end":{"line":11,"column":0}},"11":{"start":{"line":12,"column":0},"end":{"line":12,"column":26}},"12":{"start":{"line":13,"column":0},"end":{"line":13,"column":17}},"13":{"start":{"line":14,"column":0},"end":{"line":14,"column":14}},"14":{"start":{"line":15,"column":0},"end":{"line":15,"column":10}},"15":{"start":{"line":16,"column":0},"end":{"line":16,"column":0}},"16":{"start":{"line":17,"column":0},"end":{"line":17,"column":66}}},"s":{"0":1,"1":1,"2":1,"3":1,"4":1,"5":1,"6":1,"7":1,"8":1,"9":1,"10":1,"11":1,"12":1,"13":1,"14":1,"15":1,"16":1},"branchMap":{},"b":{},"fnMap":{},"f":{}}
,"/home/mnabil/dev/circle/be/src/generated/prisma/internal/class.ts": {"path":"/home/mnabil/dev/circle/be/src/generated/prisma/internal/class.ts","all":false,"statementMap":{"0":{"start":{"line":1,"column":0},"end":{"line":1,"column":0}},"1":{"start":{"line":2,"column":0},"end":{"line":2,"column":69}},"2":{"start":{"line":3,"column":0},"end":{"line":3,"column":20}},"3":{"start":{"line":4,"column":0},"end":{"line":4,"column":40}},"4":{"start":{"line":5,"column":0},"end":{"line":5,"column":15}},"5":{"start":{"line":6,"column":0},"end":{"line":6,"column":2}},"6":{"start":{"line":7,"column":0},"end":{"line":7,"column":63}},"7":{"start":{"line":8,"column":0},"end":{"line":8,"column":2}},"8":{"start":{"line":9,"column":0},"end":{"line":9,"column":69}},"9":{"start":{"line":10,"column":0},"end":{"line":10,"column":2}},"10":{"start":{"line":11,"column":0},"end":{"line":11,"column":76}},"11":{"start":{"line":12,"column":0},"end":{"line":12,"column":3}},"12":{"start":{"line":13,"column":0},"end":{"line":13,"column":0}},"13":{"start":{"line":14,"column":0},"end":{"line":14,"column":56}},"14":{"start":{"line":15,"column":0},"end":{"line":15,"column":51}},"15":{"start":{"line":16,"column":0},"end":{"line":16,"column":0}},"16":{"start":{"line":17,"column":0},"end":{"line":17,"column":0}},"17":{"start":{"line":18,"column":0},"end":{"line":18,"column":47}},"18":{"start":{"line":19,"column":0},"end":{"line":19,"column":24}},"19":{"start":{"line":20,"column":0},"end":{"line":20,"column":27}},"20":{"start":{"line":21,"column":0},"end":{"line":21,"column":62}},"21":{"start":{"line":22,"column":0},"end":{"line":22,"column":33}},"22":{"start":{"line":23,"column":0},"end":{"line":23,"column":4163}},"23":{"start":{"line":24,"column":0},"end":{"line":24,"column":23}},"24":{"start":{"line":25,"column":0},"end":{"line":25,"column":17}},"25":{"start":{"line":26,"column":0},"end":{"line":26,"column":16}},"26":{"start":{"line":27,"column":0},"end":{"line":27,"column":15}},"27":{"start":{"line":28,"column":0},"end":{"line":28,"column":3}},"28":{"start":{"line":29,"column":0},"end":{"line":29,"column":1}},"29":{"start":{"line":30,"column":0},"end":{"line":30,"column":0}},"30":{"start":{"line":31,"column":0},"end":{"line":31,"column":5774}},"31":{"start":{"line":32,"column":0},"end":{"line":32,"column":0}},"32":{"start":{"line":33,"column":0},"end":{"line":33,"column":84}},"33":{"start":{"line":34,"column":0},"end":{"line":34,"column":48}},"34":{"start":{"line":35,"column":0},"end":{"line":35,"column":53}},"35":{"start":{"line":36,"column":0},"end":{"line":36,"column":42}},"36":{"start":{"line":37,"column":0},"end":{"line":37,"column":1}},"37":{"start":{"line":38,"column":0},"end":{"line":38,"column":0}},"38":{"start":{"line":39,"column":0},"end":{"line":39,"column":23}},"39":{"start":{"line":40,"column":0},"end":{"line":40,"column":98}},"40":{"start":{"line":41,"column":0},"end":{"line":41,"column":0}},"41":{"start":{"line":42,"column":0},"end":{"line":42,"column":43}},"42":{"start":{"line":43,"column":0},"end":{"line":43,"column":104}},"43":{"start":{"line":44,"column":0},"end":{"line":44,"column":41}},"44":{"start":{"line":45,"column":0},"end":{"line":45,"column":3}},"45":{"start":{"line":46,"column":0},"end":{"line":46,"column":1}},"46":{"start":{"line":47,"column":0},"end":{"line":47,"column":0}},"47":{"start":{"line":48,"column":0},"end":{"line":48,"column":0}},"48":{"start":{"line":49,"column":0},"end":{"line":49,"column":0}},"49":{"start":{"line":50,"column":0},"end":{"line":50,"column":74}},"50":{"start":{"line":51,"column":0},"end":{"line":51,"column":169}},"51":{"start":{"line":52,"column":0},"end":{"line":52,"column":0}},"52":{"start":{"line":53,"column":0},"end":{"line":53,"column":42}},"53":{"start":{"line":54,"column":0},"end":{"line":54,"column":7}},"54":{"start":{"line":55,"column":0},"end":{"line":55,"column":21}},"55":{"start":{"line":56,"column":0},"end":{"line":56,"column":5}},"56":{"start":{"line":57,"column":0},"end":{"line":57,"column":45}},"57":{"start":{"line":58,"column":0},"end":{"line":58,"column":13}},"58":{"start":{"line":59,"column":0},"end":{"line":59,"column":8}},"59":{"start":{"line":60,"column":0},"end":{"line":60,"column":38}},"60":{"start":{"line":61,"column":0},"end":{"line":61,"column":37}},"61":{"start":{"line":62,"column":0},"end":{"line":62,"column":57}},"62":{"start":{"line":63,"column":0},"end":{"line":63,"column":8}},"63":{"start":{"line":64,"column":0},"end":{"line":64,"column":5}},"64":{"start":{"line":65,"column":0},"end":{"line":65,"column":55}},"65":{"start":{"line":66,"column":0},"end":{"line":66,"column":5}},"66":{"start":{"line":67,"column":0},"end":{"line":67,"column":0}},"67":{"start":{"line":68,"column":0},"end":{"line":68,"column":7}},"68":{"start":{"line":69,"column":0},"end":{"line":69,"column":76}},"69":{"start":{"line":70,"column":0},"end":{"line":70,"column":62}},"70":{"start":{"line":71,"column":0},"end":{"line":71,"column":133}},"71":{"start":{"line":72,"column":0},"end":{"line":72,"column":96}},"72":{"start":{"line":73,"column":0},"end":{"line":73,"column":107}},"73":{"start":{"line":74,"column":0},"end":{"line":74,"column":1}},"74":{"start":{"line":75,"column":0},"end":{"line":75,"column":0}},"75":{"start":{"line":76,"column":0},"end":{"line":76,"column":3}},"76":{"start":{"line":77,"column":0},"end":{"line":77,"column":19}},"77":{"start":{"line":78,"column":0},"end":{"line":78,"column":3}},"78":{"start":{"line":79,"column":0},"end":{"line":79,"column":43}},"79":{"start":{"line":80,"column":0},"end":{"line":80,"column":11}},"80":{"start":{"line":81,"column":0},"end":{"line":81,"column":6}},"81":{"start":{"line":82,"column":0},"end":{"line":82,"column":36}},"82":{"start":{"line":83,"column":0},"end":{"line":83,"column":35}},"83":{"start":{"line":84,"column":0},"end":{"line":84,"column":55}},"84":{"start":{"line":85,"column":0},"end":{"line":85,"column":6}},"85":{"start":{"line":86,"column":0},"end":{"line":86,"column":3}},"86":{"start":{"line":87,"column":0},"end":{"line":87,"column":53}},"87":{"start":{"line":88,"column":0},"end":{"line":88,"column":3}},"88":{"start":{"line":89,"column":0},"end":{"line":89,"column":0}},"89":{"start":{"line":90,"column":0},"end":{"line":90,"column":30}},"90":{"start":{"line":91,"column":0},"end":{"line":91,"column":45}},"91":{"start":{"line":92,"column":0},"end":{"line":92,"column":73}},"92":{"start":{"line":93,"column":0},"end":{"line":93,"column":101}},"93":{"start":{"line":94,"column":0},"end":{"line":94,"column":3}},"94":{"start":{"line":95,"column":0},"end":{"line":95,"column":58}},"95":{"start":{"line":96,"column":0},"end":{"line":96,"column":0}},"96":{"start":{"line":97,"column":0},"end":{"line":97,"column":137}},"97":{"start":{"line":98,"column":0},"end":{"line":98,"column":0}},"98":{"start":{"line":99,"column":0},"end":{"line":99,"column":5}},"99":{"start":{"line":100,"column":0},"end":{"line":100,"column":30}},"100":{"start":{"line":101,"column":0},"end":{"line":101,"column":5}},"101":{"start":{"line":102,"column":0},"end":{"line":102,"column":50}},"102":{"start":{"line":103,"column":0},"end":{"line":103,"column":0}},"103":{"start":{"line":104,"column":0},"end":{"line":104,"column":5}},"104":{"start":{"line":105,"column":0},"end":{"line":105,"column":33}},"105":{"start":{"line":106,"column":0},"end":{"line":106,"column":5}},"106":{"start":{"line":107,"column":0},"end":{"line":107,"column":53}},"107":{"start":{"line":108,"column":0},"end":{"line":108,"column":0}},"108":{"start":{"line":109,"column":0},"end":{"line":109,"column":3}},"109":{"start":{"line":110,"column":0},"end":{"line":110,"column":75}},"110":{"start":{"line":111,"column":0},"end":{"line":111,"column":13}},"111":{"start":{"line":112,"column":0},"end":{"line":112,"column":8}},"112":{"start":{"line":113,"column":0},"end":{"line":113,"column":111}},"113":{"start":{"line":114,"column":0},"end":{"line":114,"column":8}},"114":{"start":{"line":115,"column":0},"end":{"line":115,"column":4}},"115":{"start":{"line":116,"column":0},"end":{"line":116,"column":60}},"116":{"start":{"line":117,"column":0},"end":{"line":117,"column":5}},"117":{"start":{"line":118,"column":0},"end":{"line":118,"column":117}},"118":{"start":{"line":119,"column":0},"end":{"line":119,"column":0}},"119":{"start":{"line":120,"column":0},"end":{"line":120,"column":5}},"120":{"start":{"line":121,"column":0},"end":{"line":121,"column":66}},"121":{"start":{"line":122,"column":0},"end":{"line":122,"column":54}},"122":{"start":{"line":123,"column":0},"end":{"line":123,"column":13}},"123":{"start":{"line":124,"column":0},"end":{"line":124,"column":8}},"124":{"start":{"line":125,"column":0},"end":{"line":125,"column":122}},"125":{"start":{"line":126,"column":0},"end":{"line":126,"column":8}},"126":{"start":{"line":127,"column":0},"end":{"line":127,"column":4}},"127":{"start":{"line":128,"column":0},"end":{"line":128,"column":60}},"128":{"start":{"line":129,"column":0},"end":{"line":129,"column":5}},"129":{"start":{"line":130,"column":0},"end":{"line":130,"column":96}},"130":{"start":{"line":131,"column":0},"end":{"line":131,"column":0}},"131":{"start":{"line":132,"column":0},"end":{"line":132,"column":5}},"132":{"start":{"line":133,"column":0},"end":{"line":133,"column":65}},"133":{"start":{"line":134,"column":0},"end":{"line":134,"column":13}},"134":{"start":{"line":135,"column":0},"end":{"line":135,"column":8}},"135":{"start":{"line":136,"column":0},"end":{"line":136,"column":110}},"136":{"start":{"line":137,"column":0},"end":{"line":137,"column":8}},"137":{"start":{"line":138,"column":0},"end":{"line":138,"column":4}},"138":{"start":{"line":139,"column":0},"end":{"line":139,"column":60}},"139":{"start":{"line":140,"column":0},"end":{"line":140,"column":5}},"140":{"start":{"line":141,"column":0},"end":{"line":141,"column":110}},"141":{"start":{"line":142,"column":0},"end":{"line":142,"column":0}},"142":{"start":{"line":143,"column":0},"end":{"line":143,"column":5}},"143":{"start":{"line":144,"column":0},"end":{"line":144,"column":56}},"144":{"start":{"line":145,"column":0},"end":{"line":145,"column":54}},"145":{"start":{"line":146,"column":0},"end":{"line":146,"column":13}},"146":{"start":{"line":147,"column":0},"end":{"line":147,"column":8}},"147":{"start":{"line":148,"column":0},"end":{"line":148,"column":120}},"148":{"start":{"line":149,"column":0},"end":{"line":149,"column":8}},"149":{"start":{"line":150,"column":0},"end":{"line":150,"column":4}},"150":{"start":{"line":151,"column":0},"end":{"line":151,"column":60}},"151":{"start":{"line":152,"column":0},"end":{"line":152,"column":5}},"152":{"start":{"line":153,"column":0},"end":{"line":153,"column":89}},"153":{"start":{"line":154,"column":0},"end":{"line":154,"column":0}},"154":{"start":{"line":155,"column":0},"end":{"line":155,"column":0}},"155":{"start":{"line":156,"column":0},"end":{"line":156,"column":5}},"156":{"start":{"line":157,"column":0},"end":{"line":157,"column":120}},"157":{"start":{"line":158,"column":0},"end":{"line":158,"column":13}},"158":{"start":{"line":159,"column":0},"end":{"line":159,"column":8}},"159":{"start":{"line":160,"column":0},"end":{"line":160,"column":61}},"160":{"start":{"line":161,"column":0},"end":{"line":161,"column":56}},"161":{"start":{"line":162,"column":0},"end":{"line":162,"column":53}},"162":{"start":{"line":163,"column":0},"end":{"line":163,"column":55}},"163":{"start":{"line":164,"column":0},"end":{"line":164,"column":7}},"164":{"start":{"line":165,"column":0},"end":{"line":165,"column":8}},"165":{"start":{"line":166,"column":0},"end":{"line":166,"column":5}},"166":{"start":{"line":167,"column":0},"end":{"line":167,"column":104}},"167":{"start":{"line":168,"column":0},"end":{"line":168,"column":5}},"168":{"start":{"line":169,"column":0},"end":{"line":169,"column":198}},"169":{"start":{"line":170,"column":0},"end":{"line":170,"column":0}},"170":{"start":{"line":171,"column":0},"end":{"line":171,"column":249}},"171":{"start":{"line":172,"column":0},"end":{"line":172,"column":0}},"172":{"start":{"line":173,"column":0},"end":{"line":173,"column":151}},"173":{"start":{"line":174,"column":0},"end":{"line":174,"column":20}},"174":{"start":{"line":175,"column":0},"end":{"line":175,"column":5}},"175":{"start":{"line":176,"column":0},"end":{"line":176,"column":0}},"176":{"start":{"line":177,"column":0},"end":{"line":177,"column":9}},"177":{"start":{"line":178,"column":0},"end":{"line":178,"column":77}},"178":{"start":{"line":179,"column":0},"end":{"line":179,"column":20}},"179":{"start":{"line":180,"column":0},"end":{"line":180,"column":11}},"180":{"start":{"line":181,"column":0},"end":{"line":181,"column":38}},"181":{"start":{"line":182,"column":0},"end":{"line":182,"column":58}},"182":{"start":{"line":183,"column":0},"end":{"line":183,"column":9}},"183":{"start":{"line":184,"column":0},"end":{"line":184,"column":6}},"184":{"start":{"line":185,"column":0},"end":{"line":185,"column":73}},"185":{"start":{"line":186,"column":0},"end":{"line":186,"column":0}},"186":{"start":{"line":187,"column":0},"end":{"line":187,"column":5}},"187":{"start":{"line":188,"column":0},"end":{"line":188,"column":67}},"188":{"start":{"line":189,"column":0},"end":{"line":189,"column":20}},"189":{"start":{"line":190,"column":0},"end":{"line":190,"column":11}},"190":{"start":{"line":191,"column":0},"end":{"line":191,"column":33}},"191":{"start":{"line":192,"column":0},"end":{"line":192,"column":48}},"192":{"start":{"line":193,"column":0},"end":{"line":193,"column":9}},"193":{"start":{"line":194,"column":0},"end":{"line":194,"column":6}},"194":{"start":{"line":195,"column":0},"end":{"line":195,"column":63}},"195":{"start":{"line":196,"column":0},"end":{"line":196,"column":0}},"196":{"start":{"line":197,"column":0},"end":{"line":197,"column":5}},"197":{"start":{"line":198,"column":0},"end":{"line":198,"column":69}},"198":{"start":{"line":199,"column":0},"end":{"line":199,"column":20}},"199":{"start":{"line":200,"column":0},"end":{"line":200,"column":11}},"200":{"start":{"line":201,"column":0},"end":{"line":201,"column":35}},"201":{"start":{"line":202,"column":0},"end":{"line":202,"column":51}},"202":{"start":{"line":203,"column":0},"end":{"line":203,"column":9}},"203":{"start":{"line":204,"column":0},"end":{"line":204,"column":6}},"204":{"start":{"line":205,"column":0},"end":{"line":205,"column":65}},"205":{"start":{"line":206,"column":0},"end":{"line":206,"column":0}},"206":{"start":{"line":207,"column":0},"end":{"line":207,"column":5}},"207":{"start":{"line":208,"column":0},"end":{"line":208,"column":71}},"208":{"start":{"line":209,"column":0},"end":{"line":209,"column":20}},"209":{"start":{"line":210,"column":0},"end":{"line":210,"column":11}},"210":{"start":{"line":211,"column":0},"end":{"line":211,"column":35}},"211":{"start":{"line":212,"column":0},"end":{"line":212,"column":52}},"212":{"start":{"line":213,"column":0},"end":{"line":213,"column":9}},"213":{"start":{"line":214,"column":0},"end":{"line":214,"column":6}},"214":{"start":{"line":215,"column":0},"end":{"line":215,"column":67}},"215":{"start":{"line":216,"column":0},"end":{"line":216,"column":0}},"216":{"start":{"line":217,"column":0},"end":{"line":217,"column":5}},"217":{"start":{"line":218,"column":0},"end":{"line":218,"column":67}},"218":{"start":{"line":219,"column":0},"end":{"line":219,"column":20}},"219":{"start":{"line":220,"column":0},"end":{"line":220,"column":11}},"220":{"start":{"line":221,"column":0},"end":{"line":221,"column":33}},"221":{"start":{"line":222,"column":0},"end":{"line":222,"column":48}},"222":{"start":{"line":223,"column":0},"end":{"line":223,"column":9}},"223":{"start":{"line":224,"column":0},"end":{"line":224,"column":6}},"224":{"start":{"line":225,"column":0},"end":{"line":225,"column":63}},"225":{"start":{"line":226,"column":0},"end":{"line":226,"column":1}},"226":{"start":{"line":227,"column":0},"end":{"line":227,"column":0}},"227":{"start":{"line":228,"column":0},"end":{"line":228,"column":65}},"228":{"start":{"line":229,"column":0},"end":{"line":229,"column":78}},"229":{"start":{"line":230,"column":0},"end":{"line":230,"column":1}}},"s":{"0":1,"1":1,"2":1,"3":1,"4":1,"5":1,"6":1,"7":1,"8":1,"9":1,"10":1,"11":1,"12":1,"13":1,"14":1,"15":1,"16":1,"17":1,"18":1,"19":1,"20":1,"21":1,"22":1,"23":1,"24":1,"25":1,"26":1,"27":1,"28":1,"29":1,"30":1,"31":1,"32":1,"33":1,"34":1,"35":1,"36":1,"37":1,"38":1,"39":1,"40":1,"41":1,"42":1,"43":1,"44":1,"45":1,"46":1,"47":1,"48":1,"49":1,"50":1,"51":1,"52":1,"53":1,"54":1,"55":1,"56":1,"57":1,"58":1,"59":1,"60":1,"61":1,"62":1,"63":1,"64":1,"65":1,"66":1,"67":1,"68":1,"69":1,"70":1,"71":1,"72":1,"73":1,"74":1,"75":1,"76":1,"77":1,"78":1,"79":1,"80":1,"81":1,"82":1,"83":1,"84":1,"85":1,"86":1,"87":1,"88":1,"89":1,"90":1,"91":1,"92":1,"93":1,"94":1,"95":1,"96":1,"97":1,"98":1,"99":1,"100":1,"101":1,"102":1,"103":1,"104":1,"105":1,"106":1,"107":1,"108":1,"109":1,"110":1,"111":1,"112":1,"113":1,"114":1,"115":1,"116":1,"117":1,"118":1,"119":1,"120":1,"121":1,"122":1,"123":1,"124":1,"125":1,"126":1,"127":1,"128":1,"129":1,"130":1,"131":1,"132":1,"133":1,"134":1,"135":1,"136":1,"137":1,"138":1,"139":1,"140":1,"141":1,"142":1,"143":1,"144":1,"145":1,"146":1,"147":1,"148":1,"149":1,"150":1,"151":1,"152":1,"153":1,"154":1,"155":1,"156":1,"157":1,"158":1,"159":1,"160":1,"161":1,"162":1,"163":1,"164":1,"165":1,"166":1,"167":1,"168":1,"169":1,"170":1,"171":1,"172":1,"173":1,"174":1,"175":1,"176":1,"177":1,"178":1,"179":1,"180":1,"181":1,"182":1,"183":1,"184":1,"185":1,"186":1,"187":1,"188":1,"189":1,"190":1,"191":1,"192":1,"193":1,"194":1,"195":1,"196":1,"197":1,"198":1,"199":1,"200":1,"201":1,"202":1,"203":1,"204":1,"205":1,"206":1,"207":1,"208":1,"209":1,"210":1,"211":1,"212":1,"213":1,"214":1,"215":1,"216":1,"217":1,"218":1,"219":1,"220":1,"221":1,"222":1,"223":1,"224":1,"225":1,"226":1,"227":1,"228":2,"229":2},"branchMap":{"0":{"type":"branch","line":33,"loc":{"start":{"line":33,"column":0},"end":{"line":37,"column":1}},"locations":[{"start":{"line":33,"column":0},"end":{"line":37,"column":1}}]},"1":{"type":"branch","line":40,"loc":{"start":{"line":40,"column":14},"end":{"line":40,"column":97}},"locations":[{"start":{"line":40,"column":14},"end":{"line":40,"column":97}}]},"2":{"type":"branch","line":42,"loc":{"start":{"line":42,"column":30},"end":{"line":45,"column":3}},"locations":[{"start":{"line":42,"column":30},"end":{"line":45,"column":3}}]},"3":{"type":"branch","line":228,"loc":{"start":{"line":228,"column":6},"end":{"line":230,"column":1}},"locations":[{"start":{"line":228,"column":6},"end":{"line":230,"column":1}}]}},"b":{"0":[1],"1":[1],"2":[1],"3":[2]},"fnMap":{"0":{"name":"decodeBase64AsWasm","decl":{"start":{"line":33,"column":0},"end":{"line":37,"column":1}},"loc":{"start":{"line":33,"column":0},"end":{"line":37,"column":1}},"line":33},"1":{"name":"getRuntime","decl":{"start":{"line":40,"column":14},"end":{"line":40,"column":97}},"loc":{"start":{"line":40,"column":14},"end":{"line":40,"column":97}},"line":40},"2":{"name":"getQueryCompilerWasmModule","decl":{"start":{"line":42,"column":30},"end":{"line":45,"column":3}},"loc":{"start":{"line":42,"column":30},"end":{"line":45,"column":3}},"line":42},"3":{"name":"getPrismaClientClass","decl":{"start":{"line":228,"column":6},"end":{"line":230,"column":1}},"loc":{"start":{"line":228,"column":6},"end":{"line":230,"column":1}},"line":228}},"f":{"0":1,"1":1,"2":1,"3":2}}
,"/home/mnabil/dev/circle/be/src/generated/prisma/internal/prismaNamespace.ts": {"path":"/home/mnabil/dev/circle/be/src/generated/prisma/internal/prismaNamespace.ts","all":false,"statementMap":{"0":{"start":{"line":1,"column":0},"end":{"line":1,"column":0}},"1":{"start":{"line":2,"column":0},"end":{"line":2,"column":69}},"2":{"start":{"line":3,"column":0},"end":{"line":3,"column":20}},"3":{"start":{"line":4,"column":0},"end":{"line":4,"column":40}},"4":{"start":{"line":5,"column":0},"end":{"line":5,"column":15}},"5":{"start":{"line":6,"column":0},"end":{"line":6,"column":2}},"6":{"start":{"line":7,"column":0},"end":{"line":7,"column":63}},"7":{"start":{"line":8,"column":0},"end":{"line":8,"column":2}},"8":{"start":{"line":9,"column":0},"end":{"line":9,"column":69}},"9":{"start":{"line":10,"column":0},"end":{"line":10,"column":2}},"10":{"start":{"line":11,"column":0},"end":{"line":11,"column":98}},"11":{"start":{"line":12,"column":0},"end":{"line":12,"column":94}},"12":{"start":{"line":13,"column":0},"end":{"line":13,"column":2}},"13":{"start":{"line":14,"column":0},"end":{"line":14,"column":101}},"14":{"start":{"line":15,"column":0},"end":{"line":15,"column":40}},"15":{"start":{"line":16,"column":0},"end":{"line":16,"column":3}},"16":{"start":{"line":17,"column":0},"end":{"line":17,"column":0}},"17":{"start":{"line":18,"column":0},"end":{"line":18,"column":56}},"18":{"start":{"line":19,"column":0},"end":{"line":19,"column":43}},"19":{"start":{"line":20,"column":0},"end":{"line":20,"column":46}},"20":{"start":{"line":21,"column":0},"end":{"line":21,"column":0}},"21":{"start":{"line":22,"column":0},"end":{"line":22,"column":33}},"22":{"start":{"line":23,"column":0},"end":{"line":23,"column":0}},"23":{"start":{"line":24,"column":0},"end":{"line":24,"column":38}},"24":{"start":{"line":25,"column":0},"end":{"line":25,"column":0}},"25":{"start":{"line":26,"column":0},"end":{"line":26,"column":68}},"26":{"start":{"line":27,"column":0},"end":{"line":27,"column":0}},"27":{"start":{"line":28,"column":0},"end":{"line":28,"column":3}},"28":{"start":{"line":29,"column":0},"end":{"line":29,"column":16}},"29":{"start":{"line":30,"column":0},"end":{"line":30,"column":3}},"30":{"start":{"line":31,"column":0},"end":{"line":31,"column":0}},"31":{"start":{"line":32,"column":0},"end":{"line":32,"column":82}},"32":{"start":{"line":33,"column":0},"end":{"line":33,"column":81}},"33":{"start":{"line":34,"column":0},"end":{"line":34,"column":0}},"34":{"start":{"line":35,"column":0},"end":{"line":35,"column":86}},"35":{"start":{"line":36,"column":0},"end":{"line":36,"column":85}},"36":{"start":{"line":37,"column":0},"end":{"line":37,"column":0}},"37":{"start":{"line":38,"column":0},"end":{"line":38,"column":76}},"38":{"start":{"line":39,"column":0},"end":{"line":39,"column":75}},"39":{"start":{"line":40,"column":0},"end":{"line":40,"column":0}},"40":{"start":{"line":41,"column":0},"end":{"line":41,"column":86}},"41":{"start":{"line":42,"column":0},"end":{"line":42,"column":85}},"42":{"start":{"line":43,"column":0},"end":{"line":43,"column":0}},"43":{"start":{"line":44,"column":0},"end":{"line":44,"column":78}},"44":{"start":{"line":45,"column":0},"end":{"line":45,"column":77}},"45":{"start":{"line":46,"column":0},"end":{"line":46,"column":0}},"46":{"start":{"line":47,"column":0},"end":{"line":47,"column":3}},"47":{"start":{"line":48,"column":0},"end":{"line":48,"column":32}},"48":{"start":{"line":49,"column":0},"end":{"line":49,"column":3}},"49":{"start":{"line":50,"column":0},"end":{"line":50,"column":33}},"50":{"start":{"line":51,"column":0},"end":{"line":51,"column":34}},"51":{"start":{"line":52,"column":0},"end":{"line":52,"column":32}},"52":{"start":{"line":53,"column":0},"end":{"line":53,"column":30}},"53":{"start":{"line":54,"column":0},"end":{"line":54,"column":30}},"54":{"start":{"line":55,"column":0},"end":{"line":55,"column":29}},"55":{"start":{"line":56,"column":0},"end":{"line":56,"column":0}},"56":{"start":{"line":57,"column":0},"end":{"line":57,"column":0}},"57":{"start":{"line":58,"column":0},"end":{"line":58,"column":0}},"58":{"start":{"line":59,"column":0},"end":{"line":59,"column":3}},"59":{"start":{"line":60,"column":0},"end":{"line":60,"column":13}},"60":{"start":{"line":61,"column":0},"end":{"line":61,"column":3}},"61":{"start":{"line":62,"column":0},"end":{"line":62,"column":38}},"62":{"start":{"line":63,"column":0},"end":{"line":63,"column":37}},"63":{"start":{"line":64,"column":0},"end":{"line":64,"column":0}},"64":{"start":{"line":65,"column":0},"end":{"line":65,"column":49}},"65":{"start":{"line":66,"column":0},"end":{"line":66,"column":0}},"66":{"start":{"line":67,"column":0},"end":{"line":67,"column":3}},"67":{"start":{"line":68,"column":0},"end":{"line":68,"column":12}},"68":{"start":{"line":69,"column":0},"end":{"line":69,"column":2}},"69":{"start":{"line":70,"column":0},"end":{"line":70,"column":57}},"70":{"start":{"line":71,"column":0},"end":{"line":71,"column":73}},"71":{"start":{"line":72,"column":0},"end":{"line":72,"column":82}},"72":{"start":{"line":73,"column":0},"end":{"line":73,"column":96}},"73":{"start":{"line":74,"column":0},"end":{"line":74,"column":92}},"74":{"start":{"line":75,"column":0},"end":{"line":75,"column":58}},"75":{"start":{"line":76,"column":0},"end":{"line":76,"column":0}},"76":{"start":{"line":77,"column":0},"end":{"line":77,"column":29}},"77":{"start":{"line":78,"column":0},"end":{"line":78,"column":16}},"78":{"start":{"line":79,"column":0},"end":{"line":79,"column":16}},"79":{"start":{"line":80,"column":0},"end":{"line":80,"column":1}},"80":{"start":{"line":81,"column":0},"end":{"line":81,"column":0}},"81":{"start":{"line":82,"column":0},"end":{"line":82,"column":3}},"82":{"start":{"line":83,"column":0},"end":{"line":83,"column":34}},"83":{"start":{"line":84,"column":0},"end":{"line":84,"column":65}},"84":{"start":{"line":85,"column":0},"end":{"line":85,"column":3}},"85":{"start":{"line":86,"column":0},"end":{"line":86,"column":45}},"86":{"start":{"line":87,"column":0},"end":{"line":87,"column":18}},"87":{"start":{"line":88,"column":0},"end":{"line":88,"column":52}},"88":{"start":{"line":89,"column":0},"end":{"line":89,"column":1}},"89":{"start":{"line":90,"column":0},"end":{"line":90,"column":0}},"90":{"start":{"line":91,"column":0},"end":{"line":91,"column":3}},"91":{"start":{"line":92,"column":0},"end":{"line":92,"column":16}},"92":{"start":{"line":93,"column":0},"end":{"line":93,"column":3}},"93":{"start":{"line":94,"column":0},"end":{"line":94,"column":0}},"94":{"start":{"line":95,"column":0},"end":{"line":95,"column":33}},"95":{"start":{"line":96,"column":0},"end":{"line":96,"column":43}},"96":{"start":{"line":97,"column":0},"end":{"line":97,"column":41}},"97":{"start":{"line":98,"column":0},"end":{"line":98,"column":41}},"98":{"start":{"line":99,"column":0},"end":{"line":99,"column":53}},"99":{"start":{"line":100,"column":0},"end":{"line":100,"column":51}},"100":{"start":{"line":101,"column":0},"end":{"line":101,"column":51}},"101":{"start":{"line":102,"column":0},"end":{"line":102,"column":0}},"102":{"start":{"line":103,"column":0},"end":{"line":103,"column":0}},"103":{"start":{"line":104,"column":0},"end":{"line":104,"column":26}},"104":{"start":{"line":105,"column":0},"end":{"line":105,"column":85}},"105":{"start":{"line":106,"column":0},"end":{"line":106,"column":91}},"106":{"start":{"line":107,"column":0},"end":{"line":107,"column":88}},"107":{"start":{"line":108,"column":0},"end":{"line":108,"column":1}},"108":{"start":{"line":109,"column":0},"end":{"line":109,"column":3}},"109":{"start":{"line":110,"column":0},"end":{"line":110,"column":87}},"110":{"start":{"line":111,"column":0},"end":{"line":111,"column":2}},"111":{"start":{"line":112,"column":0},"end":{"line":112,"column":139}},"112":{"start":{"line":113,"column":0},"end":{"line":113,"column":3}},"113":{"start":{"line":114,"column":0},"end":{"line":114,"column":36}},"114":{"start":{"line":115,"column":0},"end":{"line":115,"column":0}},"115":{"start":{"line":116,"column":0},"end":{"line":116,"column":3}},"116":{"start":{"line":117,"column":0},"end":{"line":117,"column":87}},"117":{"start":{"line":118,"column":0},"end":{"line":118,"column":2}},"118":{"start":{"line":119,"column":0},"end":{"line":119,"column":139}},"119":{"start":{"line":120,"column":0},"end":{"line":120,"column":3}},"120":{"start":{"line":121,"column":0},"end":{"line":121,"column":40}},"121":{"start":{"line":122,"column":0},"end":{"line":122,"column":0}},"122":{"start":{"line":123,"column":0},"end":{"line":123,"column":3}},"123":{"start":{"line":124,"column":0},"end":{"line":124,"column":82}},"124":{"start":{"line":125,"column":0},"end":{"line":125,"column":2}},"125":{"start":{"line":126,"column":0},"end":{"line":126,"column":139}},"126":{"start":{"line":127,"column":0},"end":{"line":127,"column":3}},"127":{"start":{"line":128,"column":0},"end":{"line":128,"column":38}},"128":{"start":{"line":129,"column":0},"end":{"line":129,"column":0}},"129":{"start":{"line":130,"column":0},"end":{"line":130,"column":0}},"130":{"start":{"line":131,"column":0},"end":{"line":131,"column":25}},"131":{"start":{"line":132,"column":0},"end":{"line":132,"column":13}},"132":{"start":{"line":133,"column":0},"end":{"line":133,"column":14}},"133":{"start":{"line":134,"column":0},"end":{"line":134,"column":1}},"134":{"start":{"line":135,"column":0},"end":{"line":135,"column":0}},"135":{"start":{"line":136,"column":0},"end":{"line":136,"column":22}},"136":{"start":{"line":137,"column":0},"end":{"line":137,"column":13}},"137":{"start":{"line":138,"column":0},"end":{"line":138,"column":11}},"138":{"start":{"line":139,"column":0},"end":{"line":139,"column":1}},"139":{"start":{"line":140,"column":0},"end":{"line":140,"column":0}},"140":{"start":{"line":141,"column":0},"end":{"line":141,"column":3}},"141":{"start":{"line":142,"column":0},"end":{"line":142,"column":65}},"142":{"start":{"line":143,"column":0},"end":{"line":143,"column":3}},"143":{"start":{"line":144,"column":0},"end":{"line":144,"column":43}},"144":{"start":{"line":145,"column":0},"end":{"line":145,"column":19}},"145":{"start":{"line":146,"column":0},"end":{"line":146,"column":2}},"146":{"start":{"line":147,"column":0},"end":{"line":147,"column":0}},"147":{"start":{"line":148,"column":0},"end":{"line":148,"column":41}},"148":{"start":{"line":149,"column":0},"end":{"line":149,"column":0}},"149":{"start":{"line":150,"column":0},"end":{"line":150,"column":3}},"150":{"start":{"line":151,"column":0},"end":{"line":151,"column":9}},"151":{"start":{"line":152,"column":0},"end":{"line":152,"column":83}},"152":{"start":{"line":153,"column":0},"end":{"line":153,"column":3}},"153":{"start":{"line":154,"column":0},"end":{"line":154,"column":28}},"154":{"start":{"line":155,"column":0},"end":{"line":155,"column":57}},"155":{"start":{"line":156,"column":0},"end":{"line":156,"column":2}},"156":{"start":{"line":157,"column":0},"end":{"line":157,"column":0}},"157":{"start":{"line":158,"column":0},"end":{"line":158,"column":3}},"158":{"start":{"line":159,"column":0},"end":{"line":159,"column":15}},"159":{"start":{"line":160,"column":0},"end":{"line":160,"column":84}},"160":{"start":{"line":161,"column":0},"end":{"line":161,"column":94}},"161":{"start":{"line":162,"column":0},"end":{"line":162,"column":3}},"162":{"start":{"line":163,"column":0},"end":{"line":163,"column":34}},"163":{"start":{"line":164,"column":0},"end":{"line":164,"column":56}},"164":{"start":{"line":165,"column":0},"end":{"line":165,"column":3}},"165":{"start":{"line":166,"column":0},"end":{"line":166,"column":29}},"166":{"start":{"line":167,"column":0},"end":{"line":167,"column":51}},"167":{"start":{"line":168,"column":0},"end":{"line":168,"column":29}},"168":{"start":{"line":169,"column":0},"end":{"line":169,"column":50}},"169":{"start":{"line":170,"column":0},"end":{"line":170,"column":11}},"170":{"start":{"line":171,"column":0},"end":{"line":171,"column":0}},"171":{"start":{"line":172,"column":0},"end":{"line":172,"column":3}},"172":{"start":{"line":173,"column":0},"end":{"line":173,"column":24}},"173":{"start":{"line":174,"column":0},"end":{"line":174,"column":69}},"174":{"start":{"line":175,"column":0},"end":{"line":175,"column":3}},"175":{"start":{"line":176,"column":0},"end":{"line":176,"column":43}},"176":{"start":{"line":177,"column":0},"end":{"line":177,"column":56}},"177":{"start":{"line":178,"column":0},"end":{"line":178,"column":3}},"178":{"start":{"line":179,"column":0},"end":{"line":179,"column":3}},"179":{"start":{"line":180,"column":0},"end":{"line":180,"column":0}},"180":{"start":{"line":181,"column":0},"end":{"line":181,"column":66}},"181":{"start":{"line":182,"column":0},"end":{"line":182,"column":0}},"182":{"start":{"line":183,"column":0},"end":{"line":183,"column":3}},"183":{"start":{"line":184,"column":0},"end":{"line":184,"column":61}},"184":{"start":{"line":185,"column":0},"end":{"line":185,"column":96}},"185":{"start":{"line":186,"column":0},"end":{"line":186,"column":3}},"186":{"start":{"line":187,"column":0},"end":{"line":187,"column":23}},"187":{"start":{"line":188,"column":0},"end":{"line":188,"column":20}},"188":{"start":{"line":189,"column":0},"end":{"line":189,"column":20}},"189":{"start":{"line":190,"column":0},"end":{"line":190,"column":45}},"190":{"start":{"line":191,"column":0},"end":{"line":191,"column":9}},"191":{"start":{"line":192,"column":0},"end":{"line":192,"column":0}},"192":{"start":{"line":193,"column":0},"end":{"line":193,"column":0}},"193":{"start":{"line":194,"column":0},"end":{"line":194,"column":3}},"194":{"start":{"line":195,"column":0},"end":{"line":195,"column":17}},"195":{"start":{"line":196,"column":0},"end":{"line":196,"column":3}},"196":{"start":{"line":197,"column":0},"end":{"line":197,"column":51}},"197":{"start":{"line":198,"column":0},"end":{"line":198,"column":7}},"198":{"start":{"line":199,"column":0},"end":{"line":199,"column":16}},"199":{"start":{"line":200,"column":0},"end":{"line":200,"column":7}},"200":{"start":{"line":201,"column":0},"end":{"line":201,"column":22}},"201":{"start":{"line":202,"column":0},"end":{"line":202,"column":7}},"202":{"start":{"line":203,"column":0},"end":{"line":203,"column":18}},"203":{"start":{"line":204,"column":0},"end":{"line":204,"column":7}},"204":{"start":{"line":205,"column":0},"end":{"line":205,"column":18}},"205":{"start":{"line":206,"column":0},"end":{"line":206,"column":6}},"206":{"start":{"line":207,"column":0},"end":{"line":207,"column":7}},"207":{"start":{"line":208,"column":0},"end":{"line":208,"column":0}},"208":{"start":{"line":209,"column":0},"end":{"line":209,"column":0}},"209":{"start":{"line":210,"column":0},"end":{"line":210,"column":3}},"210":{"start":{"line":211,"column":0},"end":{"line":211,"column":24}},"211":{"start":{"line":212,"column":0},"end":{"line":212,"column":3}},"212":{"start":{"line":213,"column":0},"end":{"line":213,"column":77}},"213":{"start":{"line":214,"column":0},"end":{"line":214,"column":0}},"214":{"start":{"line":215,"column":0},"end":{"line":215,"column":3}},"215":{"start":{"line":216,"column":0},"end":{"line":216,"column":19}},"216":{"start":{"line":217,"column":0},"end":{"line":217,"column":3}},"217":{"start":{"line":218,"column":0},"end":{"line":218,"column":0}},"218":{"start":{"line":219,"column":0},"end":{"line":219,"column":61}},"219":{"start":{"line":220,"column":0},"end":{"line":220,"column":3}},"220":{"start":{"line":221,"column":0},"end":{"line":221,"column":22}},"221":{"start":{"line":222,"column":0},"end":{"line":222,"column":66}},"222":{"start":{"line":223,"column":0},"end":{"line":223,"column":6}},"223":{"start":{"line":224,"column":0},"end":{"line":224,"column":0}},"224":{"start":{"line":225,"column":0},"end":{"line":225,"column":75}},"225":{"start":{"line":226,"column":0},"end":{"line":226,"column":0}},"226":{"start":{"line":227,"column":0},"end":{"line":227,"column":78}},"227":{"start":{"line":228,"column":0},"end":{"line":228,"column":0}},"228":{"start":{"line":229,"column":0},"end":{"line":229,"column":13}},"229":{"start":{"line":230,"column":0},"end":{"line":230,"column":19}},"230":{"start":{"line":231,"column":0},"end":{"line":231,"column":16}},"231":{"start":{"line":232,"column":0},"end":{"line":232,"column":24}},"232":{"start":{"line":233,"column":0},"end":{"line":233,"column":5}},"233":{"start":{"line":234,"column":0},"end":{"line":234,"column":23}},"234":{"start":{"line":235,"column":0},"end":{"line":235,"column":22}},"235":{"start":{"line":236,"column":0},"end":{"line":236,"column":9}},"236":{"start":{"line":237,"column":0},"end":{"line":237,"column":0}},"237":{"start":{"line":238,"column":0},"end":{"line":238,"column":19}},"238":{"start":{"line":239,"column":0},"end":{"line":239,"column":19}},"239":{"start":{"line":240,"column":0},"end":{"line":240,"column":16}},"240":{"start":{"line":241,"column":0},"end":{"line":241,"column":28}},"241":{"start":{"line":242,"column":0},"end":{"line":242,"column":53}},"242":{"start":{"line":243,"column":0},"end":{"line":243,"column":0}},"243":{"start":{"line":244,"column":0},"end":{"line":244,"column":23}},"244":{"start":{"line":245,"column":0},"end":{"line":245,"column":0}},"245":{"start":{"line":246,"column":0},"end":{"line":246,"column":67}},"246":{"start":{"line":247,"column":0},"end":{"line":247,"column":59}},"247":{"start":{"line":248,"column":0},"end":{"line":248,"column":6}},"248":{"start":{"line":249,"column":0},"end":{"line":249,"column":0}},"249":{"start":{"line":250,"column":0},"end":{"line":250,"column":32}},"250":{"start":{"line":251,"column":0},"end":{"line":251,"column":44}},"251":{"start":{"line":252,"column":0},"end":{"line":252,"column":44}},"252":{"start":{"line":253,"column":0},"end":{"line":253,"column":30}},"253":{"start":{"line":254,"column":0},"end":{"line":254,"column":5}},"254":{"start":{"line":255,"column":0},"end":{"line":255,"column":9}},"255":{"start":{"line":256,"column":0},"end":{"line":256,"column":0}},"256":{"start":{"line":257,"column":0},"end":{"line":257,"column":62}},"257":{"start":{"line":258,"column":0},"end":{"line":258,"column":54}},"258":{"start":{"line":259,"column":0},"end":{"line":259,"column":7}},"259":{"start":{"line":260,"column":0},"end":{"line":260,"column":0}},"260":{"start":{"line":261,"column":0},"end":{"line":261,"column":58}},"261":{"start":{"line":262,"column":0},"end"
[...]
,"/home/mnabil/dev/circle/be/src/utils/cache.ts": {"path":"/home/mnabil/dev/circle/be/src/utils/cache.ts","all":false,"statementMap":{"0":{"start":{"line":1,"column":0},"end":{"line":1,"column":46}},"1":{"start":{"line":2,"column":0},"end":{"line":2,"column":0}},"2":{"start":{"line":3,"column":0},"end":{"line":3,"column":0}},"3":{"start":{"line":4,"column":0},"end":{"line":4,"column":0}},"4":{"start":{"line":5,"column":0},"end":{"line":5,"column":67}},"5":{"start":{"line":6,"column":0},"end":{"line":6,"column":37}},"6":{"start":{"line":7,"column":0},"end":{"line":7,"column":14}},"7":{"start":{"line":8,"column":0},"end":{"line":8,"column":31}},"8":{"start":{"line":9,"column":0},"end":{"line":9,"column":5}},"9":{"start":{"line":10,"column":0},"end":{"line":10,"column":0}},"10":{"start":{"line":11,"column":0},"end":{"line":11,"column":16}},"11":{"start":{"line":12,"column":0},"end":{"line":12,"column":1}},"12":{"start":{"line":13,"column":0},"end":{"line":13,"column":0}},"13":{"start":{"line":14,"column":0},"end":{"line":14,"column":88}},"14":{"start":{"line":15,"column":0},"end":{"line":15,"column":49}},"15":{"start":{"line":16,"column":0},"end":{"line":16,"column":16}},"16":{"start":{"line":17,"column":0},"end":{"line":17,"column":7}},"17":{"start":{"line":18,"column":0},"end":{"line":18,"column":1}},"18":{"start":{"line":19,"column":0},"end":{"line":19,"column":0}},"19":{"start":{"line":20,"column":0},"end":{"line":20,"column":63}},"20":{"start":{"line":21,"column":0},"end":{"line":21,"column":25}},"21":{"start":{"line":22,"column":0},"end":{"line":22,"column":1}}},"s":{"0":1,"1":1,"2":1,"3":1,"4":1,"5":0,"6":0,"7":0,"8":0,"9":0,"10":0,"11":0,"12":1,"13":1,"14":0,"15":0,"16":0,"17":0,"18":1,"19":1,"20":0,"21":0},"branchMap":{},"b":{},"fnMap":{"0":{"name":"getCache","decl":{"start":{"line":5,"column":7},"end":{"line":12,"column":1}},"loc":{"start":{"line":5,"column":7},"end":{"line":12,"column":1}},"line":5},"1":{"name":"setCache","decl":{"start":{"line":14,"column":7},"end":{"line":18,"column":1}},"loc":{"start":{"line":14,"column":7},"end":{"line":18,"column":1}},"line":14},"2":{"name":"deleteCache","decl":{"start":{"line":20,"column":7},"end":{"line":22,"column":1}},"loc":{"start":{"line":20,"column":7},"end":{"line":22,"column":1}},"line":20}},"f":{"0":0,"1":0,"2":0}}
,"/home/mnabil/dev/circle/be/src/utils/config.ts": {"path":"/home/mnabil/dev/circle/be/src/utils/config.ts","all":false,"statementMap":{"0":{"start":{"line":1,"column":0},"end":{"line":1,"column":23}},"1":{"start":{"line":2,"column":0},"end":{"line":2,"column":0}},"2":{"start":{"line":3,"column":0},"end":{"line":3,"column":23}},"3":{"start":{"line":4,"column":0},"end":{"line":4,"column":35}},"4":{"start":{"line":5,"column":0},"end":{"line":5,"column":49}},"5":{"start":{"line":6,"column":0},"end":{"line":6,"column":70}},"6":{"start":{"line":7,"column":0},"end":{"line":7,"column":9}},"7":{"start":{"line":8,"column":0},"end":{"line":8,"column":38}},"8":{"start":{"line":9,"column":0},"end":{"line":9,"column":6}},"9":{"start":{"line":10,"column":0},"end":{"line":10,"column":10}},"10":{"start":{"line":11,"column":0},"end":{"line":11,"column":39}},"11":{"start":{"line":12,"column":0},"end":{"line":12,"column":6}},"12":{"start":{"line":13,"column":0},"end":{"line":13,"column":12}},"13":{"start":{"line":14,"column":0},"end":{"line":14,"column":63}},"14":{"start":{"line":15,"column":0},"end":{"line":15,"column":6}},"15":{"start":{"line":16,"column":0},"end":{"line":16,"column":2}}},"s":{"0":1,"1":1,"2":1,"3":1,"4":1,"5":1,"6":1,"7":1,"8":1,"9":1,"10":1,"11":1,"12":1,"13":1,"14":1,"15":1},"branchMap":{"0":{"type":"branch","line":4,"loc":{"start":{"line":4,"column":26},"end":{"line":4,"column":34}},"locations":[{"start":{"line":4,"column":26},"end":{"line":4,"column":34}}]},"1":{"type":"branch","line":5,"loc":{"start":{"line":5,"column":26},"end":{"line":5,"column":48}},"locations":[{"start":{"line":5,"column":26},"end":{"line":5,"column":48}}]},"2":{"type":"branch","line":6,"loc":{"start":{"line":6,"column":42},"end":{"line":6,"column":69}},"locations":[{"start":{"line":6,"column":42},"end":{"line":6,"column":69}}]},"3":{"type":"branch","line":14,"loc":{"start":{"line":14,"column":34},"end":{"line":14,"column":62}},"locations":[{"start":{"line":14,"column":34},"end":{"line":14,"column":62}}]}},"b":{"0":[0],"1":[0],"2":[0],"3":[0]},"fnMap":{},"f":{}}
,"/home/mnabil/dev/circle/be/src/utils/errors.ts": {"path":"/home/mnabil/dev/circle/be/src/utils/errors.ts","all":false,"statementMap":{"0":{"start":{"line":1,"column":0},"end":{"line":1,"column":40}},"1":{"start":{"line":2,"column":0},"end":{"line":2,"column":23}},"2":{"start":{"line":3,"column":0},"end":{"line":3,"column":0}},"3":{"start":{"line":4,"column":0},"end":{"line":4,"column":52}},"4":{"start":{"line":5,"column":0},"end":{"line":5,"column":23}},"5":{"start":{"line":6,"column":0},"end":{"line":6,"column":37}},"6":{"start":{"line":7,"column":0},"end":{"line":7,"column":34}},"7":{"start":{"line":8,"column":0},"end":{"line":8,"column":5}},"8":{"start":{"line":9,"column":0},"end":{"line":9,"column":1}},"9":{"start":{"line":10,"column":0},"end":{"line":10,"column":0}},"10":{"start":{"line":11,"column":0},"end":{"line":11,"column":49}},"11":{"start":{"line":12,"column":0},"end":{"line":12,"column":34}},"12":{"start":{"line":13,"column":0},"end":{"line":13,"column":23}},"13":{"start":{"line":14,"column":0},"end":{"line":14,"column":37}},"14":{"start":{"line":15,"column":0},"end":{"line":15,"column":5}},"15":{"start":{"line":16,"column":0},"end":{"line":16,"column":1}},"16":{"start":{"line":17,"column":0},"end":{"line":17,"column":0}},"17":{"start":{"line":18,"column":0},"end":{"line":18,"column":0}},"18":{"start":{"line":19,"column":0},"end":{"line":19,"column":54}},"19":{"start":{"line":20,"column":0},"end":{"line":20,"column":34}},"20":{"start":{"line":21,"column":0},"end":{"line":21,"column":28}},"21":{"start":{"line":22,"column":0},"end":{"line":22,"column":42}},"22":{"start":{"line":23,"column":0},"end":{"line":23,"column":5}},"23":{"start":{"line":24,"column":0},"end":{"line":24,"column":1}},"24":{"start":{"line":25,"column":0},"end":{"line":25,"column":0}},"25":{"start":{"line":26,"column":0},"end":{"line":26,"column":53}},"26":{"start":{"line":27,"column":0},"end":{"line":27,"column":34}},"27":{"start":{"line":28,"column":0},"end":{"line":28,"column":28}},"28":{"start":{"line":29,"column":0},"end":{"line":29,"column":41}},"29":{"start":{"line":30,"column":0},"end":{"line":30,"column":5}},"30":{"start":{"line":31,"column":0},"end":{"line":31,"column":1}},"31":{"start":{"line":32,"column":0},"end":{"line":32,"column":0}},"32":{"start":{"line":33,"column":0},"end":{"line":33,"column":48}},"33":{"start":{"line":34,"column":0},"end":{"line":34,"column":34}},"34":{"start":{"line":35,"column":0},"end":{"line":35,"column":28}},"35":{"start":{"line":36,"column":0},"end":{"line":36,"column":36}},"36":{"start":{"line":37,"column":0},"end":{"line":37,"column":5}},"37":{"start":{"line":38,"column":0},"end":{"line":38,"column":1}}},"s":{"0":1,"1":1,"2":1,"3":1,"4":0,"5":0,"6":0,"7":0,"8":1,"9":1,"10":1,"11":1,"12":0,"13":0,"14":0,"15":1,"16":1,"17":1,"18":1,"19":1,"20":0,"21":0,"22":0,"23":1,"24":1,"25":1,"26":1,"27":0,"28":0,"29":0,"30":1,"31":1,"32":1,"33":1,"34":0,"35":0,"36":0,"37":1},"branchMap":{},"b":{},"fnMap":{"0":{"name":"<instance_members_initializer>","decl":{"start":{"line":2,"column":4},"end":{"line":2,"column":14}},"loc":{"start":{"line":2,"column":4},"end":{"line":2,"column":14}},"line":2},"1":{"name":"ClientError","decl":{"start":{"line":4,"column":4},"end":{"line":8,"column":5}},"loc":{"start":{"line":4,"column":4},"end":{"line":8,"column":5}},"line":4},"2":{"name":"InvariantError","decl":{"start":{"line":12,"column":4},"end":{"line":15,"column":5}},"loc":{"start":{"line":12,"column":4},"end":{"line":15,"column":5}},"line":12},"3":{"name":"AuthenticationError","decl":{"start":{"line":20,"column":4},"end":{"line":23,"column":5}},"loc":{"start":{"line":20,"column":4},"end":{"line":23,"column":5}},"line":20},"4":{"name":"AuthorizationError","decl":{"start":{"line":27,"column":4},"end":{"line":30,"column":5}},"loc":{"start":{"line":27,"column":4},"end":{"line":30,"column":5}},"line":27},"5":{"name":"NotFoundError","decl":{"start":{"line":34,"column":4},"end":{"line":37,"column":5}},"loc":{"start":{"line":34,"column":4},"end":{"line":37,"column":5}},"line":34}},"f":{"0":0,"1":0,"2":0,"3":0,"4":0,"5":0}}
,"/home/mnabil/dev/circle/be/src/utils/filters.ts": {"path":"/home/mnabil/dev/circle/be/src/utils/filters.ts","all":false,"statementMap":{"0":{"start":{"line":1,"column":0},"end":{"line":1,"column":20}},"1":{"start":{"line":2,"column":0},"end":{"line":2,"column":0}},"2":{"start":{"line":3,"column":0},"end":{"line":3,"column":38}},"3":{"start":{"line":4,"column":0},"end":{"line":4,"column":53}},"4":{"start":{"line":5,"column":0},"end":{"line":5,"column":54}},"5":{"start":{"line":6,"column":0},"end":{"line":6,"column":3}},"6":{"start":{"line":7,"column":0},"end":{"line":7,"column":0}},"7":{"start":{"line":8,"column":0},"end":{"line":8,"column":54}},"8":{"start":{"line":9,"column":0},"end":{"line":9,"column":0}},"9":{"start":{"line":10,"column":0},"end":{"line":10,"column":72}},"10":{"start":{"line":11,"column":0},"end":{"line":11,"column":38}},"11":{"start":{"line":12,"column":0},"end":{"line":12,"column":38}},"12":{"start":{"line":13,"column":0},"end":{"line":13,"column":0}},"13":{"start":{"line":14,"column":0},"end":{"line":14,"column":20}},"14":{"start":{"line":15,"column":0},"end":{"line":15,"column":1}}},"s":{"0":1,"1":1,"2":1,"3":1,"4":1,"5":1,"6":1,"7":1,"8":1,"9":1,"10":0,"11":0,"12":0,"13":0,"14":0},"branchMap":{},"b":{},"fnMap":{"0":{"name":"buildFilterQuery","decl":{"start":{"line":10,"column":6},"end":{"line":15,"column":1}},"loc":{"start":{"line":10,"column":6},"end":{"line":15,"column":1}},"line":10}},"f":{"0":0}}
,"/home/mnabil/dev/circle/be/src/utils/hasher.ts": {"path":"/home/mnabil/dev/circle/be/src/utils/hasher.ts","all":false,"statementMap":{"0":{"start":{"line":1,"column":0},"end":{"line":1,"column":33}},"1":{"start":{"line":2,"column":0},"end":{"line":2,"column":45}},"2":{"start":{"line":3,"column":0},"end":{"line":3,"column":0}},"3":{"start":{"line":4,"column":0},"end":{"line":4,"column":21}},"4":{"start":{"line":5,"column":0},"end":{"line":5,"column":79}},"5":{"start":{"line":6,"column":0},"end":{"line":6,"column":45}},"6":{"start":{"line":7,"column":0},"end":{"line":7,"column":5}},"7":{"start":{"line":8,"column":0},"end":{"line":8,"column":82}},"8":{"start":{"line":9,"column":0},"end":{"line":9,"column":66}},"9":{"start":{"line":10,"column":0},"end":{"line":10,"column":19}},"10":{"start":{"line":11,"column":0},"end":{"line":11,"column":59}},"11":{"start":{"line":12,"column":0},"end":{"line":12,"column":9}},"12":{"start":{"line":13,"column":0},"end":{"line":13,"column":5}},"13":{"start":{"line":14,"column":0},"end":{"line":14,"column":1}}},"s":{"0":1,"1":1,"2":1,"3":1,"4":1,"5":2,"6":2,"7":1,"8":0,"9":0,"10":0,"11":0,"12":0,"13":1},"branchMap":{"0":{"type":"branch","line":5,"loc":{"start":{"line":5,"column":11},"end":{"line":7,"column":5}},"locations":[{"start":{"line":5,"column":11},"end":{"line":7,"column":5}}]}},"b":{"0":[2]},"fnMap":{"0":{"name":"hash","decl":{"start":{"line":5,"column":11},"end":{"line":7,"column":5}},"loc":{"start":{"line":5,"column":11},"end":{"line":7,"column":5}},"line":5},"1":{"name":"compare","decl":{"start":{"line":8,"column":11},"end":{"line":13,"column":5}},"loc":{"start":{"line":8,"column":11},"end":{"line":13,"column":5}},"line":8}},"f":{"0":2,"1":0}}
,"/home/mnabil/dev/circle/be/src/utils/response.ts": {"path":"/home/mnabil/dev/circle/be/src/utils/response.ts","all":false,"statementMap":{"0":{"start":{"line":1,"column":0},"end":{"line":1,"column":42}},"1":{"start":{"line":2,"column":0},"end":{"line":2,"column":0}},"2":{"start":{"line":3,"column":0},"end":{"line":3,"column":30}},"3":{"start":{"line":4,"column":0},"end":{"line":4,"column":1}},"4":{"start":{"line":5,"column":0},"end":{"line":5,"column":17}},"5":{"start":{"line":6,"column":0},"end":{"line":6,"column":27}},"6":{"start":{"line":7,"column":0},"end":{"line":7,"column":20}},"7":{"start":{"line":8,"column":0},"end":{"line":8,"column":13}},"8":{"start":{"line":9,"column":0},"end":{"line":9,"column":5}},"9":{"start":{"line":10,"column":0},"end":{"line":10,"column":17}},"10":{"start":{"line":11,"column":0},"end":{"line":11,"column":27}},"11":{"start":{"line":12,"column":0},"end":{"line":12,"column":20}},"12":{"start":{"line":13,"column":0},"end":{"line":13,"column":36}},"13":{"start":{"line":14,"column":0},"end":{"line":14,"column":1}},"14":{"start":{"line":15,"column":0},"end":{"line":15,"column":0}},"15":{"start":{"line":16,"column":0},"end":{"line":16,"column":89}},"16":{"start":{"line":17,"column":0},"end":{"line":17,"column":9}},"17":{"start":{"line":18,"column":0},"end":{"line":18,"column":22}},"18":{"start":{"line":19,"column":0},"end":{"line":19,"column":12}},"19":{"start":{"line":20,"column":0},"end":{"line":20,"column":9}},"20":{"start":{"line":21,"column":0},"end":{"line":21,"column":3}},"21":{"start":{"line":22,"column":0},"end":{"line":22,"column":0}},"22":{"start":{"line":23,"column":0},"end":{"line":23,"column":110}},"23":{"start":{"line":24,"column":0},"end":{"line":24,"column":9}},"24":{"start":{"line":25,"column":0},"end":{"line":25,"column":20}},"25":{"start":{"line":26,"column":0},"end":{"line":26,"column":12}},"26":{"start":{"line":27,"column":0},"end":{"line":27,"column":11}},"27":{"start":{"line":28,"column":0},"end":{"line":28,"column":3}}},"s":{"0":1,"1":1,"2":1,"3":1,"4":1,"5":1,"6":1,"7":1,"8":1,"9":1,"10":1,"11":1,"12":1,"13":1,"14":1,"15":1,"16":1,"17":1,"18":1,"19":1,"20":1,"21":1,"22":1,"23":2,"24":2,"25":2,"26":2,"27":1},"branchMap":{"0":{"type":"branch","line":16,"loc":{"start":{"line":16,"column":23},"end":{"line":21,"column":2}},"locations":[{"start":{"line":16,"column":23},"end":{"line":21,"column":2}}]},"1":{"type":"branch","line":23,"loc":{"start":{"line":23,"column":20},"end":{"line":28,"column":2}},"locations":[{"start":{"line":23,"column":20},"end":{"line":28,"column":2}}]}},"b":{"0":[1],"1":[2]},"fnMap":{"0":{"name":"success","decl":{"start":{"line":16,"column":23},"end":{"line":21,"column":2}},"loc":{"start":{"line":16,"column":23},"end":{"line":21,"column":2}},"line":16},"1":{"name":"fail","decl":{"start":{"line":23,"column":20},"end":{"line":28,"column":2}},"loc":{"start":{"line":23,"column":20},"end":{"line":28,"column":2}},"line":23}},"f":{"0":1,"1":2}}
,"/home/mnabil/dev/circle/be/src/utils/sanitize.ts": {"path":"/home/mnabil/dev/circle/be/src/utils/sanitize.ts","all":false,"statementMap":{"0":{"start":{"line":1,"column":0},"end":{"line":1,"column":41}},"1":{"start":{"line":2,"column":0},"end":{"line":2,"column":8}},"2":{"start":{"line":3,"column":0},"end":{"line":3,"column":22}},"3":{"start":{"line":4,"column":0},"end":{"line":4,"column":52}},"4":{"start":{"line":5,"column":0},"end":{"line":5,"column":57}}},"s":{"0":1,"1":0,"2":0,"3":0,"4":1},"branchMap":{},"b":{},"fnMap":{"0":{"name":"sanitize","decl":{"start":{"line":1,"column":24},"end":{"line":5,"column":34}},"loc":{"start":{"line":1,"column":24},"end":{"line":5,"column":34}},"line":1}},"f":{"0":0}}
,"/home/mnabil/dev/circle/be/src/utils/tokenize.ts": {"path":"/home/mnabil/dev/circle/be/src/utils/tokenize.ts","all":false,"statementMap":{"0":{"start":{"line":1,"column":0},"end":{"line":1,"column":42}},"1":{"start":{"line":2,"column":0},"end":{"line":2,"column":50}},"2":{"start":{"line":3,"column":0},"end":{"line":3,"column":44}},"3":{"start":{"line":4,"column":0},"end":{"line":4,"column":0}},"4":{"start":{"line":5,"column":0},"end":{"line":5,"column":26}},"5":{"start":{"line":6,"column":0},"end":{"line":6,"column":27}},"6":{"start":{"line":7,"column":0},"end":{"line":7,"column":17}},"7":{"start":{"line":8,"column":0},"end":{"line":8,"column":1}},"8":{"start":{"line":9,"column":0},"end":{"line":9,"column":0}},"9":{"start":{"line":10,"column":0},"end":{"line":10,"column":70}},"10":{"start":{"line":11,"column":0},"end":{"line":11,"column":0}},"11":{"start":{"line":12,"column":0},"end":{"line":12,"column":76}},"12":{"start":{"line":13,"column":0},"end":{"line":13,"column":37}},"13":{"start":{"line":14,"column":0},"end":{"line":14,"column":45}},"14":{"start":{"line":15,"column":0},"end":{"line":15,"column":22}},"15":{"start":{"line":16,"column":0},"end":{"line":16,"column":33}},"16":{"start":{"line":17,"column":0},"end":{"line":17,"column":26}},"17":{"start":{"line":18,"column":0},"end":{"line":18,"column":1}},"18":{"start":{"line":19,"column":0},"end":{"line":19,"column":0}},"19":{"start":{"line":20,"column":0},"end":{"line":20,"column":70}},"20":{"start":{"line":21,"column":0},"end":{"line":21,"column":9}},"21":{"start":{"line":22,"column":0},"end":{"line":22,"column":73}},"22":{"start":{"line":23,"column":0},"end":{"line":23,"column":23}},"23":{"start":{"line":24,"column":0},"end":{"line":24,"column":21}},"24":{"start":{"line":25,"column":0},"end":{"line":25,"column":66}},"25":{"start":{"line":26,"column":0},"end":{"line":26,"column":5}},"26":{"start":{"line":27,"column":0},"end":{"line":27,"column":1}}},"s":{"0":1,"1":1,"2":1,"3":1,"4":1,"5":1,"6":1,"7":1,"8":1,"9":1,"10":1,"11":1,"12":0,"13":0,"14":0,"15":0,"16":0,"17":0,"18":1,"19":1,"20":0,"21":0,"22":0,"23":0,"24":0,"25":0,"26":0},"branchMap":{},"b":{},"fnMap":{"0":{"name":"generateJWT","decl":{"start":{"line":12,"column":27},"end":{"line":18,"column":1}},"loc":{"start":{"line":12,"column":27},"end":{"line":18,"column":1}},"line":12},"1":{"name":"verifyJWT","decl":{"start":{"line":20,"column":25},"end":{"line":27,"column":1}},"loc":{"start":{"line":20,"column":25},"end":{"line":27,"column":1}},"line":20}},"f":{"0":0,"1":0}}
,"/home/mnabil/dev/circle/be/src/utils/validate.ts": {"path":"/home/mnabil/dev/circle/be/src/utils/validate.ts","all":false,"statementMap":{"0":{"start":{"line":1,"column":0},"end":{"line":1,"column":0}},"1":{"start":{"line":2,"column":0},"end":{"line":2,"column":0}},"2":{"start":{"line":3,"column":0},"end":{"line":3,"column":0}},"3":{"start":{"line":4,"column":0},"end":{"line":4,"column":31}},"4":{"start":{"line":5,"column":0},"end":{"line":5,"column":0}},"5":{"start":{"line":6,"column":0},"end":{"line":6,"column":82}},"6":{"start":{"line":7,"column":0},"end":{"line":7,"column":0}},"7":{"start":{"line":8,"column":0},"end":{"line":8,"column":48}},"8":{"start":{"line":9,"column":0},"end":{"line":9,"column":43}},"9":{"start":{"line":10,"column":0},"end":{"line":10,"column":32}},"10":{"start":{"line":11,"column":0},"end":{"line":11,"column":32}},"11":{"start":{"line":12,"column":0},"end":{"line":12,"column":61}},"12":{"start":{"line":13,"column":0},"end":{"line":13,"column":9}},"13":{"start":{"line":14,"column":0},"end":{"line":14,"column":25}},"14":{"start":{"line":15,"column":0},"end":{"line":15,"column":19}},"15":{"start":{"line":16,"column":0},"end":{"line":16,"column":37}},"16":{"start":{"line":17,"column":0},"end":{"line":17,"column":1}}},"s":{"0":1,"1":1,"2":1,"3":1,"4":1,"5":1,"6":1,"7":1,"8":1,"9":1,"10":1,"11":1,"12":1,"13":1,"14":1,"15":1,"16":1},"branchMap":{"0":{"type":"branch","line":6,"loc":{"start":{"line":6,"column":6},"end":{"line":17,"column":1}},"locations":[{"start":{"line":6,"column":6},"end":{"line":17,"column":1}}]},"1":{"type":"branch","line":8,"loc":{"start":{"line":8,"column":31},"end":{"line":16,"column":5}},"locations":[{"start":{"line":8,"column":31},"end":{"line":16,"column":5}}]}},"b":{"0":[1],"1":[1]},"fnMap":{"0":{"name":"formatZodErrorsAsObject","decl":{"start":{"line":6,"column":6},"end":{"line":17,"column":1}},"loc":{"start":{"line":6,"column":6},"end":{"line":17,"column":1}},"line":6}},"f":{"0":1}}
}
